1547521326667	mozrunner::runner	INFO	Running command: "C:\\Program Files\\Mozilla Firefox\\firefox.exe" "-marionette" "-foreground" "-no-remote" "-profile" "C:\\Users\\Caio\\AppData\\Local\\Temp\\rust_mozprofile.GU5MxRTwRJ4t"
1547521327077	addons.webextension.screenshots@mozilla.org	WARN	Loading extension 'screenshots@mozilla.org': Reading manifest: Invalid host permission: resource://pdf.js/
1547521327077	addons.webextension.screenshots@mozilla.org	WARN	Loading extension 'screenshots@mozilla.org': Reading manifest: Invalid host permission: about:reader*
1547521329903	Marionette	INFO	Listening on port 65006
1547521329989	Marionette	WARN	TLS certificate errors will be ignored for this session
console.error: BroadcastService: 
  receivedBroadcastMessage: handler for
  remote-settings/monitor_changes
  threw error:
  Message: Error: Polling for changes failed: NetworkError when attempting to fetch resource..
  Stack:
    remoteSettingsFunction/remoteSettings.pollChanges@resource://services-settings/remote-settings.js:750:13

JavaScript error: https://s0.2mdn.net/ads/richmedia/studio/5197094/35633733_20150213143735248_HD_fallback_300x250.html?e=69&renderingType=2&leftOffset=0&topOffset=0&c=cwfccO61LT&t=1, line 39: ReferenceError: devDynamicContent is not defined
JavaScript error: https://s0.2mdn.net/ads/richmedia/studio/5197094/35633684_20150213152453474_HD_fallback_728x90.html?e=69&renderingType=2&leftOffset=0&topOffset=0&c=85jPV7flVw&t=1, line 39: ReferenceError: devDynamicContent is not defined
[Parent 2748, Gecko_IOThread] WARNING: pipe error: 109: file z:/build/build/src/ipc/chromium/src/chrome/common/ipc_channel_win.cc, line 346
JavaScript error: , line 0: uncaught exception: XhrHttpError: Request Failed, status=0, url=https://googleads.g.doubleclick.net/pagead/adfetch
JavaScript error: , line 0: uncaught exception: XhrHttpError: Request Failed, status=0, url=https://googleads.g.doubleclick.net/pagead/adfetch
[Parent 2748, Gecko_IOThread] WARNING: pipe error: 109: file z:/build/build/src/ipc/chromium/src/chrome/common/ipc_channel_win.cc, line 346
JavaScript error: https://s0.2mdn.net/ads/richmedia/studio/pv2/60737506/20181012073822161/index.html?e=69&renderingType=2&leftOffset=0&topOffset=0&c=Ve9FITVPmC&t=1, line 154: TypeError: document.querySelector(...) is null
JavaScript error: https://s0.2mdn.net/ads/richmedia/studio/pv2/60737506/20181012073822161/index.html?e=69&renderingType=2&leftOffset=0&topOffset=0&c=hrsR9HHZBX&t=1, line 154: TypeError: document.querySelector(...) is null
JavaScript error: https://s0.2mdn.net/ads/richmedia/studio/pv2/60737506/20181012073822161/index.html?e=69&renderingType=2&leftOffset=0&topOffset=0&c=hrsR9HHZBX&t=1, line 154: TypeError: document.querySelector(...) is null
JavaScript error: https://s0.2mdn.net/ads/richmedia/studio/pv2/60737506/20181012073822161/index.html?e=69&renderingType=2&leftOffset=0&topOffset=0&c=Ve9FITVPmC&t=1, line 154: TypeError: document.querySelector(...) is null
JavaScript error: https://s0.2mdn.net/ads/richmedia/studio/pv2/60737506/20181012073822161/index.html?e=69&renderingType=2&leftOffset=0&topOffset=0&c=hrsR9HHZBX&t=1, line 154: TypeError: document.querySelector(...) is null
JavaScript error: https://s0.2mdn.net/ads/richmedia/studio/pv2/60737506/20181012073822161/index.html?e=69&renderingType=2&leftOffset=0&topOffset=0&c=hrsR9HHZBX&t=1, line 154: TypeError: document.querySelector(...) is null
JavaScript error: https://s0.2mdn.net/ads/richmedia/studio/pv2/60737506/20181012073822161/index.html?e=69&renderingType=2&leftOffset=0&topOffset=0&c=Ve9FITVPmC&t=1, line 154: TypeError: document.querySelector(...) is null
JavaScript error: https://s0.2mdn.net/ads/richmedia/studio/pv2/60737506/20181012073822161/index.html?e=69&renderingType=2&leftOffset=0&topOffset=0&c=hrsR9HHZBX&t=1, line 154: TypeError: document.querySelector(...) is null
JavaScript error: https://s0.2mdn.net/ads/richmedia/studio/pv2/60737506/20181012073822161/index.html?e=69&renderingType=2&leftOffset=0&topOffset=0&c=Ve9FITVPmC&t=1, line 154: TypeError: document.querySelector(...) is null
JavaScript error: https://s0.2mdn.net/ads/richmedia/studio/pv2/60737506/20181012073822161/index.html?e=69&renderingType=2&leftOffset=0&topOffset=0&c=hrsR9HHZBX&t=1, line 154: TypeError: document.querySelector(...) is null
JavaScript error: https://s0.2mdn.net/ads/richmedia/studio/pv2/60737506/20181012073822161/index.html?e=69&renderingType=2&leftOffset=0&topOffset=0&c=Ve9FITVPmC&t=1, line 154: TypeError: document.querySelector(...) is null
JavaScript error: https://s0.2mdn.net/ads/richmedia/studio/pv2/60737506/20181012073822161/index.html?e=69&renderingType=2&leftOffset=0&topOffset=0&c=hrsR9HHZBX&t=1, line 154: TypeError: document.querySelector(...) is null
JavaScript error: https://s0.2mdn.net/ads/richmedia/studio/pv2/60737506/20181012073822161/index.html?e=69&renderingType=2&leftOffset=0&topOffset=0&c=Ve9FITVPmC&t=1, line 154: TypeError: document.querySelector(...) is null
JavaScript error: https://s0.2mdn.net/ads/richmedia/studio/pv2/60737506/20181012073822161/index.html?e=69&renderingType=2&leftOffset=0&topOffset=0&c=hrsR9HHZBX&t=1, line 154: TypeError: document.querySelector(...) is null
JavaScript error: https://s0.2mdn.net/ads/richmedia/studio/pv2/60737506/20181012073822161/index.html?e=69&renderingType=2&leftOffset=0&topOffset=0&c=Ve9FITVPmC&t=1, line 154: TypeError: document.querySelector(...) is null
JavaScript error: https://s0.2mdn.net/ads/richmedia/studio/pv2/60737506/20181012073822161/index.html?e=69&renderingType=2&leftOffset=0&topOffset=0&c=Ve9FITVPmC&t=1, line 154: TypeError: document.querySelector(...) is null
JavaScript error: https://s0.2mdn.net/ads/richmedia/studio/pv2/60737506/20181012073822161/index.html?e=69&renderingType=2&leftOffset=0&topOffset=0&c=hrsR9HHZBX&t=1, line 154: TypeError: document.querySelector(...) is null
JavaScript error: https://s0.2mdn.net/ads/richmedia/studio/pv2/60737506/20181012073822161/index.html?e=69&renderingType=2&leftOffset=0&topOffset=0&c=Ve9FITVPmC&t=1, line 154: TypeError: document.querySelector(...) is null
JavaScript error: https://s0.2mdn.net/ads/richmedia/studio/pv2/60737506/20181012073822161/index.html?e=69&renderingType=2&leftOffset=0&topOffset=0&c=hrsR9HHZBX&t=1, line 154: TypeError: document.querySelector(...) is null
JavaScript error: https://s0.2mdn.net/ads/richmedia/studio/pv2/60737506/20181012073822161/index.html?e=69&renderingType=2&leftOffset=0&topOffset=0&c=Ve9FITVPmC&t=1, line 154: TypeError: document.querySelector(...) is null
JavaScript error: https://s0.2mdn.net/ads/richmedia/studio/pv2/60737506/20181012073822161/index.html?e=69&renderingType=2&leftOffset=0&topOffset=0&c=hrsR9HHZBX&t=1, line 154: TypeError: document.querySelector(...) is null
JavaScript error: https://s0.2mdn.net/ads/richmedia/studio/pv2/60737506/20181012073822161/index.html?e=69&renderingType=2&leftOffset=0&topOffset=0&c=hrsR9HHZBX&t=1, line 154: TypeError: document.querySelector(...) is null
JavaScript error: , line 0: uncaught exception: XhrHttpError: Request Failed, status=0, url=https://googleads.g.doubleclick.net/pagead/adfetch
JavaScript error: , line 0: uncaught exception: XhrHttpError: Request Failed, status=0, url=https://googleads.g.doubleclick.net/pagead/adfetch
[Child 3812, MediaPlayback #1] WARNING: Decoder=11673f19800 state=DECODING_METADATA Decode metadata failed, shutting down decoder: file z:/build/build/src/dom/media/MediaDecoderStateMachine.cpp, line 372
[Child 3812, MediaPlayback #1] WARNING: Decoder=11673f19800 Decode error: NS_ERROR_DOM_MEDIA_METADATA_ERR (0x806e0006) - static MP4Metadata::ResultAndByteBuffer __cdecl mozilla::MP4Metadata::Metadata(mozilla::ByteStream *): Cannot parse metadata: file z:/build/build/src/dom/media/MediaDecoderStateMachine.cpp, line 3434
[Child 3812, MediaPlayback #1] WARNING: Decoder=11673f20c00 state=DECODING_METADATA Decode metadata failed, shutting down decoder: file z:/build/build/src/dom/media/MediaDecoderStateMachine.cpp, line 372
[Child 3812, MediaPlayback #4] WARNING: Decoder=11673f1f000 state=DECODING_METADATA Decode metadata failed, shutting down decoder: file z:/build/build/src/dom/media/MediaDecoderStateMachine.cpp, line 372
[Child 3812, MediaPlayback #2] WARNING: Decoder=11673f1a000 state=DECODING_METADATA Decode metadata failed, shutting down decoder: file z:/build/build/src/dom/media/MediaDecoderStateMachine.cpp, line 372
[Child 3812, MediaPlayback #3] WARNING: Decoder=11673f1e000 state=DECODING_METADATA Decode metadata failed, shutting down decoder: file z:/build/build/src/dom/media/MediaDecoderStateMachine.cpp, line 372
[Child 3812, MediaPlayback #1] WARNING: Decoder=11673f20c00 Decode error: NS_ERROR_DOM_MEDIA_METADATA_ERR (0x806e0006) - static MP4Metadata::ResultAndByteBuffer __cdecl mozilla::MP4Metadata::Metadata(mozilla::ByteStream *): Cannot parse metadata: file z:/build/build/src/dom/media/MediaDecoderStateMachine.cpp, line 3434
[Child 3812, MediaPlayback #4] WARNING: Decoder=11673f1f000 Decode error: NS_ERROR_DOM_MEDIA_METADATA_ERR (0x806e0006) - static MP4Metadata::ResultAndByteBuffer __cdecl mozilla::MP4Metadata::Metadata(mozilla::ByteStream *): Cannot parse metadata: file z:/build/build/src/dom/media/MediaDecoderStateMachine.cpp, line 3434
[Child 3812, MediaPlayback #2] WARNING: Decoder=11673f1a000 Decode error: NS_ERROR_DOM_MEDIA_METADATA_ERR (0x806e0006) - static MP4Metadata::ResultAndByteBuffer __cdecl mozilla::MP4Metadata::Metadata(mozilla::ByteStream *): Cannot parse metadata: file z:/build/build/src/dom/media/MediaDecoderStateMachine.cpp, line 3434
[Child 3812, MediaPlayback #3] WARNING: Decoder=11673f1e000 Decode error: NS_ERROR_DOM_MEDIA_METADATA_ERR (0x806e0006) - static MP4Metadata::ResultAndByteBuffer __cdecl mozilla::MP4Metadata::Metadata(mozilla::ByteStream *): Cannot parse metadata: file z:/build/build/src/dom/media/MediaDecoderStateMachine.cpp, line 3434
[Child 3812, MediaPlayback #1] WARNING: Decoder=1160038c000 state=DECODING_METADATA Decode metadata failed, shutting down decoder: file z:/build/build/src/dom/media/MediaDecoderStateMachine.cpp, line 372
[Child 3812, MediaPlayback #4] WARNING: Decoder=1160038c800 state=DECODING_METADATA Decode metadata failed, shutting down decoder: file z:/build/build/src/dom/media/MediaDecoderStateMachine.cpp, line 372
[Child 3812, MediaPlayback #2] WARNING: Decoder=11673f21c00 state=DECODING_METADATA Decode metadata failed, shutting down decoder: file z:/build/build/src/dom/media/MediaDecoderStateMachine.cpp, line 372
[Child 3812, MediaPlayback #3] WARNING: Decoder=1160038d000 state=DECODING_METADATA Decode metadata failed, shutting down decoder: file z:/build/build/src/dom/media/MediaDecoderStateMachine.cpp, line 372
[Child 3812, MediaPlayback #1] WARNING: Decoder=1160038c000 Decode error: NS_ERROR_DOM_MEDIA_METADATA_ERR (0x806e0006) - static MP4Metadata::ResultAndByteBuffer __cdecl mozilla::MP4Metadata::Metadata(mozilla::ByteStream *): Cannot parse metadata: file z:/build/build/src/dom/media/MediaDecoderStateMachine.cpp, line 3434
[Child 3812, MediaPlayback #4] WARNING: Decoder=1160038c800 Decode error: NS_ERROR_DOM_MEDIA_METADATA_ERR (0x806e0006) - static MP4Metadata::ResultAndByteBuffer __cdecl mozilla::MP4Metadata::Metadata(mozilla::ByteStream *): Cannot parse metadata: file z:/build/build/src/dom/media/MediaDecoderStateMachine.cpp, line 3434
[Child 3812, MediaPlayback #2] WARNING: Decoder=11673f21c00 Decode error: NS_ERROR_DOM_MEDIA_METADATA_ERR (0x806e0006) - static MP4Metadata::ResultAndByteBuffer __cdecl mozilla::MP4Metadata::Metadata(mozilla::ByteStream *): Cannot parse metadata: file z:/build/build/src/dom/media/MediaDecoderStateMachine.cpp, line 3434
[Child 3812, MediaPlayback #3] WARNING: Decoder=1160038d000 Decode error: NS_ERROR_DOM_MEDIA_METADATA_ERR (0x806e0006) - static MP4Metadata::ResultAndByteBuffer __cdecl mozilla::MP4Metadata::Metadata(mozilla::ByteStream *): Cannot parse metadata: file z:/build/build/src/dom/media/MediaDecoderStateMachine.cpp, line 3434
[Child 3812, MediaPlayback #1] WARNING: Decoder=1160038d800 state=DECODING_METADATA Decode metadata failed, shutting down decoder: file z:/build/build/src/dom/media/MediaDecoderStateMachine.cpp, line 372
[Child 3812, MediaPlayback #4] WARNING: Decoder=1160038e400 state=DECODING_METADATA Decode metadata failed, shutting down decoder: file z:/build/build/src/dom/media/MediaDecoderStateMachine.cpp, line 372
[Child 3812, MediaPlayback #2] WARNING: Decoder=1160038ec00 state=DECODING_METADATA Decode metadata failed, shutting down decoder: file z:/build/build/src/dom/media/MediaDecoderStateMachine.cpp, line 372
[Child 3812, MediaPlayback #3] WARNING: Decoder=1160038f400 state=DECODING_METADATA Decode metadata failed, shutting down decoder: file z:/build/build/src/dom/media/MediaDecoderStateMachine.cpp, line 372
[Child 3812, MediaPlayback #3] WARNING: Decoder=1160038f400 Decode error: NS_ERROR_DOM_MEDIA_METADATA_ERR (0x806e0006) - static MP4Metadata::ResultAndByteBuffer __cdecl mozilla::MP4Metadata::Metadata(mozilla::ByteStream *): Cannot parse metadata: file z:/build/build/src/dom/media/MediaDecoderStateMachine.cpp, line 3434
[Child 3812, MediaPlayback #4] WARNING: Decoder=1160038e400 Decode error: NS_ERROR_DOM_MEDIA_METADATA_ERR (0x806e0006) - static MP4Metadata::ResultAndByteBuffer __cdecl mozilla::MP4Metadata::Metadata(mozilla::ByteStream *): Cannot parse metadata: file z:/build/build/src/dom/media/MediaDecoderStateMachine.cpp, line 3434
[Child 3812, MediaPlayback #2] WARNING: Decoder=1160038ec00 Decode error: NS_ERROR_DOM_MEDIA_METADATA_ERR (0x806e0006) - static MP4Metadata::ResultAndByteBuffer __cdecl mozilla::MP4Metadata::Metadata(mozilla::ByteStream *): Cannot parse metadata: file z:/build/build/src/dom/media/MediaDecoderStateMachine.cpp, line 3434
[Child 3812, MediaPlayback #1] WARNING: Decoder=1160038d800 Decode error: NS_ERROR_DOM_MEDIA_METADATA_ERR (0x806e0006) - static MP4Metadata::ResultAndByteBuffer __cdecl mozilla::MP4Metadata::Metadata(mozilla::ByteStream *): Cannot parse metadata: file z:/build/build/src/dom/media/MediaDecoderStateMachine.cpp, line 3434
[Child 3812, MediaPlayback #3] WARNING: Decoder=1160038fc00 state=DECODING_METADATA Decode metadata failed, shutting down decoder: file z:/build/build/src/dom/media/MediaDecoderStateMachine.cpp, line 372
[Child 3812, MediaPlayback #4] WARNING: Decoder=11600391000 state=DECODING_METADATA Decode metadata failed, shutting down decoder: file z:/build/build/src/dom/media/MediaDecoderStateMachine.cpp, line 372
[Child 3812, MediaPlayback #4] WARNING: Decoder=11600391000 Decode error: NS_ERROR_DOM_MEDIA_METADATA_ERR (0x806e0006) - static MP4Metadata::ResultAndByteBuffer __cdecl mozilla::MP4Metadata::Metadata(mozilla::ByteStream *): Cannot parse metadata: file z:/build/build/src/dom/media/MediaDecoderStateMachine.cpp, line 3434
[Child 3812, MediaPlayback #1] WARNING: Decoder=11600392000 state=DECODING_METADATA Decode metadata failed, shutting down decoder: file z:/build/build/src/dom/media/MediaDecoderStateMachine.cpp, line 372
[Child 3812, MediaPlayback #3] WARNING: Decoder=1160038fc00 Decode error: NS_ERROR_DOM_MEDIA_METADATA_ERR (0x806e0006) - static MP4Metadata::ResultAndByteBuffer __cdecl mozilla::MP4Metadata::Metadata(mozilla::ByteStream *): Cannot parse metadata: file z:/build/build/src/dom/media/MediaDecoderStateMachine.cpp, line 3434
[Child 3812, MediaPlayback #2] WARNING: Decoder=11600391800 state=DECODING_METADATA Decode metadata failed, shutting down decoder: file z:/build/build/src/dom/media/MediaDecoderStateMachine.cpp, line 372
[Child 3812, MediaPlayback #4] WARNING: Decoder=11600392800 state=DECODING_METADATA Decode metadata failed, shutting down decoder: file z:/build/build/src/dom/media/MediaDecoderStateMachine.cpp, line 372
[Child 3812, MediaPlayback #1] WARNING: Decoder=11600392000 Decode error: NS_ERROR_DOM_MEDIA_METADATA_ERR (0x806e0006) - static MP4Metadata::ResultAndByteBuffer __cdecl mozilla::MP4Metadata::Metadata(mozilla::ByteStream *): Cannot parse metadata: file z:/build/build/src/dom/media/MediaDecoderStateMachine.cpp, line 3434
[Child 3812, MediaPlayback #3] WARNING: Decoder=11600393000 state=DECODING_METADATA Decode metadata failed, shutting down decoder: file z:/build/build/src/dom/media/MediaDecoderStateMachine.cpp, line 372
[Child 3812, MediaPlayback #2] WARNING: Decoder=11600391800 Decode error: NS_ERROR_DOM_MEDIA_METADATA_ERR (0x806e0006) - static MP4Metadata::ResultAndByteBuffer __cdecl mozilla::MP4Metadata::Metadata(mozilla::ByteStream *): Cannot parse metadata: file z:/build/build/src/dom/media/MediaDecoderStateMachine.cpp, line 3434
[Child 3812, MediaPlayback #2] WARNING: Decoder=11600394000 state=DECODING_METADATA Decode metadata failed, shutting down decoder: file z:/build/build/src/dom/media/MediaDecoderStateMachine.cpp, line 372
[Child 3812, MediaPlayback #2] WARNING: Decoder=11600394000 Decode error: NS_ERROR_DOM_MEDIA_METADATA_ERR (0x806e0006) - static MP4Metadata::ResultAndByteBuffer __cdecl mozilla::MP4Metadata::Metadata(mozilla::ByteStream *): Cannot parse metadata: file z:/build/build/src/dom/media/MediaDecoderStateMachine.cpp, line 3434
[Child 3812, MediaPlayback #3] WARNING: Decoder=11600393000 Decode error: NS_ERROR_DOM_MEDIA_METADATA_ERR (0x806e0006) - static MP4Metadata::ResultAndByteBuffer __cdecl mozilla::MP4Metadata::Metadata(mozilla::ByteStream *): Cannot parse metadata: file z:/build/build/src/dom/media/MediaDecoderStateMachine.cpp, line 3434
[Child 3812, MediaPlayback #4] WARNING: Decoder=11600392800 Decode error: NS_ERROR_DOM_MEDIA_METADATA_ERR (0x806e0006) - static MP4Metadata::ResultAndByteBuffer __cdecl mozilla::MP4Metadata::Metadata(mozilla::ByteStream *): Cannot parse metadata: file z:/build/build/src/dom/media/MediaDecoderStateMachine.cpp, line 3434
[Child 3812, MediaPlayback #1] WARNING: Decoder=11600393800 state=DECODING_METADATA Decode metadata failed, shutting down decoder: file z:/build/build/src/dom/media/MediaDecoderStateMachine.cpp, line 372
[Child 3812, MediaPlayback #2] WARNING: Decoder=11600394800 state=DECODING_METADATA Decode metadata failed, shutting down decoder: file z:/build/build/src/dom/media/MediaDecoderStateMachine.cpp, line 372
[Child 3812, MediaPlayback #3] WARNING: Decoder=11600395000 state=DECODING_METADATA Decode metadata failed, shutting down decoder: file z:/build/build/src/dom/media/MediaDecoderStateMachine.cpp, line 372
[Child 3812, MediaPlayback #4] WARNING: Decoder=11600395800 state=DECODING_METADATA Decode metadata failed, shutting down decoder: file z:/build/build/src/dom/media/MediaDecoderStateMachine.cpp, line 372
[Child 3812, MediaPlayback #1] WARNING: Decoder=11600393800 Decode error: NS_ERROR_DOM_MEDIA_METADATA_ERR (0x806e0006) - static MP4Metadata::ResultAndByteBuffer __cdecl mozilla::MP4Metadata::Metadata(mozilla::ByteStream *): Cannot parse metadata: file z:/build/build/src/dom/media/MediaDecoderStateMachine.cpp, line 3434
[Child 3812, MediaPlayback #2] WARNING: Decoder=11600394800 Decode error: NS_ERROR_DOM_MEDIA_METADATA_ERR (0x806e0006) - static MP4Metadata::ResultAndByteBuffer __cdecl mozilla::MP4Metadata::Metadata(mozilla::ByteStream *): Cannot parse metadata: file z:/build/build/src/dom/media/MediaDecoderStateMachine.cpp, line 3434
[Child 3812, MediaPlayback #3] WARNING: Decoder=11600395000 Decode error: NS_ERROR_DOM_MEDIA_METADATA_ERR (0x806e0006) - static MP4Metadata::ResultAndByteBuffer __cdecl mozilla::MP4Metadata::Metadata(mozilla::ByteStream *): Cannot parse metadata: file z:/build/build/src/dom/media/MediaDecoderStateMachine.cpp, line 3434
[Child 3812, MediaPlayback #4] WARNING: Decoder=11600395800 Decode error: NS_ERROR_DOM_MEDIA_METADATA_ERR (0x806e0006) - static MP4Metadata::ResultAndByteBuffer __cdecl mozilla::MP4Metadata::Metadata(mozilla::ByteStream *): Cannot parse metadata: file z:/build/build/src/dom/media/MediaDecoderStateMachine.cpp, line 3434
[Child 3812, MediaPlayback #4] WARNING: Decoder=11600397c00 state=DECODING_METADATA Decode metadata failed, shutting down decoder: file z:/build/build/src/dom/media/MediaDecoderStateMachine.cpp, line 372
[Child 3812, MediaPlayback #2] WARNING: Decoder=11600396000 state=DECODING_METADATA Decode metadata failed, shutting down decoder: file z:/build/build/src/dom/media/MediaDecoderStateMachine.cpp, line 372
[Child 3812, MediaPlayback #3] WARNING: Decoder=11600397400 state=DECODING_METADATA Decode metadata failed, shutting down decoder: file z:/build/build/src/dom/media/MediaDecoderStateMachine.cpp, line 372
[Child 3812, MediaPlayback #1] WARNING: Decoder=11600396c00 state=DECODING_METADATA Decode metadata failed, shutting down decoder: file z:/build/build/src/dom/media/MediaDecoderStateMachine.cpp, line 372
[Child 3812, MediaPlayback #4] WARNING: Decoder=11600397c00 Decode error: NS_ERROR_DOM_MEDIA_METADATA_ERR (0x806e0006) - static MP4Metadata::ResultAndByteBuffer __cdecl mozilla::MP4Metadata::Metadata(mozilla::ByteStream *): Cannot parse metadata: file z:/build/build/src/dom/media/MediaDecoderStateMachine.cpp, line 3434
[Child 3812, MediaPlayback #2] WARNING: Decoder=11600396000 Decode error: NS_ERROR_DOM_MEDIA_METADATA_ERR (0x806e0006) - static MP4Metadata::ResultAndByteBuffer __cdecl mozilla::MP4Metadata::Metadata(mozilla::ByteStream *): Cannot parse metadata: file z:/build/build/src/dom/media/MediaDecoderStateMachine.cpp, line 3434
[Child 3812, MediaPlayback #3] WARNING: Decoder=11600397400 Decode error: NS_ERROR_DOM_MEDIA_METADATA_ERR (0x806e0006) - static MP4Metadata::ResultAndByteBuffer __cdecl mozilla::MP4Metadata::Metadata(mozilla::ByteStream *): Cannot parse metadata: file z:/build/build/src/dom/media/MediaDecoderStateMachine.cpp, line 3434
[Child 3812, MediaPlayback #1] WARNING: Decoder=11600396c00 Decode error: NS_ERROR_DOM_MEDIA_METADATA_ERR (0x806e0006) - static MP4Metadata::ResultAndByteBuffer __cdecl mozilla::MP4Metadata::Metadata(mozilla::ByteStream *): Cannot parse metadata: file z:/build/build/src/dom/media/MediaDecoderStateMachine.cpp, line 3434
[Child 3812, MediaPlayback #4] WARNING: Decoder=11600398400 state=DECODING_METADATA Decode metadata failed, shutting down decoder: file z:/build/build/src/dom/media/MediaDecoderStateMachine.cpp, line 372
[Child 3812, MediaPlayback #2] WARNING: Decoder=11600398c00 state=DECODING_METADATA Decode metadata failed, shutting down decoder: file z:/build/build/src/dom/media/MediaDecoderStateMachine.cpp, line 372
[Child 3812, MediaPlayback #3] WARNING: Decoder=11600399400 state=DECODING_METADATA Decode metadata failed, shutting down decoder: file z:/build/build/src/dom/media/MediaDecoderStateMachine.cpp, line 372
[Child 3812, MediaPlayback #1] WARNING: Decoder=11600399c00 state=DECODING_METADATA Decode metadata failed, shutting down decoder: file z:/build/build/src/dom/media/MediaDecoderStateMachine.cpp, line 372
[Child 3812, MediaPlayback #4] WARNING: Decoder=11600398400 Decode error: NS_ERROR_DOM_MEDIA_METADATA_ERR (0x806e0006) - static MP4Metadata::ResultAndByteBuffer __cdecl mozilla::MP4Metadata::Metadata(mozilla::ByteStream *): Cannot parse metadata: file z:/build/build/src/dom/media/MediaDecoderStateMachine.cpp, line 3434
[Child 3812, MediaPlayback #2] WARNING: Decoder=11600398c00 Decode error: NS_ERROR_DOM_MEDIA_METADATA_ERR (0x806e0006) - static MP4Metadata::ResultAndByteBuffer __cdecl mozilla::MP4Metadata::Metadata(mozilla::ByteStream *): Cannot parse metadata: file z:/build/build/src/dom/media/MediaDecoderStateMachine.cpp, line 3434
[Child 3812, MediaPlayback #3] WARNING: Decoder=11600399400 Decode error: NS_ERROR_DOM_MEDIA_METADATA_ERR (0x806e0006) - static MP4Metadata::ResultAndByteBuffer __cdecl mozilla::MP4Metadata::Metadata(mozilla::ByteStream *): Cannot parse metadata: file z:/build/build/src/dom/media/MediaDecoderStateMachine.cpp, line 3434
[Child 3812, MediaPlayback #1] WARNING: Decoder=11600399c00 Decode error: NS_ERROR_DOM_MEDIA_METADATA_ERR (0x806e0006) - static MP4Metadata::ResultAndByteBuffer __cdecl mozilla::MP4Metadata::Metadata(mozilla::ByteStream *): Cannot parse metadata: file z:/build/build/src/dom/media/MediaDecoderStateMachine.cpp, line 3434
[Child 3812, MediaPlayback #4] WARNING: Decoder=11672ee7400 state=DECODING_METADATA Decode metadata failed, shutting down decoder: file z:/build/build/src/dom/media/MediaDecoderStateMachine.cpp, line 372
[Child 3812, MediaPlayback #2] WARNING: Decoder=11672ee8400 state=DECODING_METADATA Decode metadata failed, shutting down decoder: file z:/build/build/src/dom/media/MediaDecoderStateMachine.cpp, line 372
[Child 3812, MediaPlayback #3] WARNING: Decoder=11673f1c400 state=DECODING_METADATA Decode metadata failed, shutting down decoder: file z:/build/build/src/dom/media/MediaDecoderStateMachine.cpp, line 372
[Child 3812, MediaPlayback #1] WARNING: Decoder=11673f21400 state=DECODING_METADATA Decode metadata failed, shutting down decoder: file z:/build/build/src/dom/media/MediaDecoderStateMachine.cpp, line 372
[Child 3812, MediaPlayback #4] WARNING: Decoder=11672ee7400 Decode error: NS_ERROR_DOM_MEDIA_METADATA_ERR (0x806e0006) - static MP4Metadata::ResultAndByteBuffer __cdecl mozilla::MP4Metadata::Metadata(mozilla::ByteStream *): Cannot parse metadata: file z:/build/build/src/dom/media/MediaDecoderStateMachine.cpp, line 3434
[Child 3812, MediaPlayback #2] WARNING: Decoder=11672ee8400 Decode error: NS_ERROR_DOM_MEDIA_METADATA_ERR (0x806e0006) - static MP4Metadata::ResultAndByteBuffer __cdecl mozilla::MP4Metadata::Metadata(mozilla::ByteStream *): Cannot parse metadata: file z:/build/build/src/dom/media/MediaDecoderStateMachine.cpp, line 3434
[Child 3812, MediaPlayback #3] WARNING: Decoder=11673f1c400 Decode error: NS_ERROR_DOM_MEDIA_METADATA_ERR (0x806e0006) - static MP4Metadata::ResultAndByteBuffer __cdecl mozilla::MP4Metadata::Metadata(mozilla::ByteStream *): Cannot parse metadata: file z:/build/build/src/dom/media/MediaDecoderStateMachine.cpp, line 3434
[Child 3812, MediaPlayback #1] WARNING: Decoder=11673f21400 Decode error: NS_ERROR_DOM_MEDIA_METADATA_ERR (0x806e0006) - static MP4Metadata::ResultAndByteBuffer __cdecl mozilla::MP4Metadata::Metadata(mozilla::ByteStream *): Cannot parse metadata: file z:/build/build/src/dom/media/MediaDecoderStateMachine.cpp, line 3434
[Child 3812, MediaPlayback #4] WARNING: Decoder=11662238800 state=DECODING_METADATA Decode metadata failed, shutting down decoder: file z:/build/build/src/dom/media/MediaDecoderStateMachine.cpp, line 372
[Child 3812, MediaPlayback #2] WARNING: Decoder=11662239000 state=DECODING_METADATA Decode metadata failed, shutting down decoder: file z:/build/build/src/dom/media/MediaDecoderStateMachine.cpp, line 372
[Child 3812, MediaPlayback #3] WARNING: Decoder=11662239800 state=DECODING_METADATA Decode metadata failed, shutting down decoder: file z:/build/build/src/dom/media/MediaDecoderStateMachine.cpp, line 372
[Child 3812, MediaPlayback #1] WARNING: Decoder=1166223a000 state=DECODING_METADATA Decode metadata failed, shutting down decoder: file z:/build/build/src/dom/media/MediaDecoderStateMachine.cpp, line 372
[Child 3812, MediaPlayback #4] WARNING: Decoder=11662238800 Decode error: NS_ERROR_DOM_MEDIA_METADATA_ERR (0x806e0006) - static MP4Metadata::ResultAndByteBuffer __cdecl mozilla::MP4Metadata::Metadata(mozilla::ByteStream *): Cannot parse metadata: file z:/build/build/src/dom/media/MediaDecoderStateMachine.cpp, line 3434
[Child 3812, MediaPlayback #2] WARNING: Decoder=11662239000 Decode error: NS_ERROR_DOM_MEDIA_METADATA_ERR (0x806e0006) - static MP4Metadata::ResultAndByteBuffer __cdecl mozilla::MP4Metadata::Metadata(mozilla::ByteStream *): Cannot parse metadata: file z:/build/build/src/dom/media/MediaDecoderStateMachine.cpp, line 3434
[Child 3812, MediaPlayback #3] WARNING: Decoder=11662239800 Decode error: NS_ERROR_DOM_MEDIA_METADATA_ERR (0x806e0006) - static MP4Metadata::ResultAndByteBuffer __cdecl mozilla::MP4Metadata::Metadata(mozilla::ByteStream *): Cannot parse metadata: file z:/build/build/src/dom/media/MediaDecoderStateMachine.cpp, line 3434
[Child 3812, MediaPlayback #1] WARNING: Decoder=1166223a000 Decode error: NS_ERROR_DOM_MEDIA_METADATA_ERR (0x806e0006) - static MP4Metadata::ResultAndByteBuffer __cdecl mozilla::MP4Metadata::Metadata(mozilla::ByteStream *): Cannot parse metadata: file z:/build/build/src/dom/media/MediaDecoderStateMachine.cpp, line 3434
[Child 3812, MediaPlayback #4] WARNING: Decoder=1166223a800 state=DECODING_METADATA Decode metadata failed, shutting down decoder: file z:/build/build/src/dom/media/MediaDecoderStateMachine.cpp, line 372
[Child 3812, MediaPlayback #2] WARNING: Decoder=1166223b000 state=DECODING_METADATA Decode metadata failed, shutting down decoder: file z:/build/build/src/dom/media/MediaDecoderStateMachine.cpp, line 372
[Child 3812, MediaPlayback #2] WARNING: Decoder=1166223b000 Decode error: NS_ERROR_DOM_MEDIA_METADATA_ERR (0x806e0006) - static MP4Metadata::ResultAndByteBuffer __cdecl mozilla::MP4Metadata::Metadata(mozilla::ByteStream *): Cannot parse metadata: file z:/build/build/src/dom/media/MediaDecoderStateMachine.cpp, line 3434
[Child 3812, MediaPlayback #1] WARNING: Decoder=1166223c000 state=DECODING_METADATA Decode metadata failed, shutting down decoder: file z:/build/build/src/dom/media/MediaDecoderStateMachine.cpp, line 372
[Child 3812, MediaPlayback #4] WARNING: Decoder=1166223a800 Decode error: NS_ERROR_DOM_MEDIA_METADATA_ERR (0x806e0006) - static MP4Metadata::ResultAndByteBuffer __cdecl mozilla::MP4Metadata::Metadata(mozilla::ByteStream *): Cannot parse metadata: file z:/build/build/src/dom/media/MediaDecoderStateMachine.cpp, line 3434
[Child 3812, MediaPlayback #3] WARNING: Decoder=1166223b800 state=DECODING_METADATA Decode metadata failed, shutting down decoder: file z:/build/build/src/dom/media/MediaDecoderStateMachine.cpp, line 372
[Child 3812, MediaPlayback #2] WARNING: Decoder=1166223c800 state=DECODING_METADATA Decode metadata failed, shutting down decoder: file z:/build/build/src/dom/media/MediaDecoderStateMachine.cpp, line 372
[Child 3812, MediaPlayback #1] WARNING: Decoder=1166223c000 Decode error: NS_ERROR_DOM_MEDIA_METADATA_ERR (0x806e0006) - static MP4Metadata::ResultAndByteBuffer __cdecl mozilla::MP4Metadata::Metadata(mozilla::ByteStream *): Cannot parse metadata: file z:/build/build/src/dom/media/MediaDecoderStateMachine.cpp, line 3434
[Child 3812, MediaPlayback #1] WARNING: Decoder=1166223d800 state=DECODING_METADATA Decode metadata failed, shutting down decoder: file z:/build/build/src/dom/media/MediaDecoderStateMachine.cpp, line 372
[Child 3812, MediaPlayback #1] WARNING: Decoder=1166223d800 Decode error: NS_ERROR_DOM_MEDIA_METADATA_ERR (0x806e0006) - static MP4Metadata::ResultAndByteBuffer __cdecl mozilla::MP4Metadata::Metadata(mozilla::ByteStream *): Cannot parse metadata: file z:/build/build/src/dom/media/MediaDecoderStateMachine.cpp, line 3434
[Child 3812, MediaPlayback #2] WARNING: Decoder=1166223c800 Decode error: NS_ERROR_DOM_MEDIA_METADATA_ERR (0x806e0006) - static MP4Metadata::ResultAndByteBuffer __cdecl mozilla::MP4Metadata::Metadata(mozilla::ByteStream *): Cannot parse metadata: file z:/build/build/src/dom/media/MediaDecoderStateMachine.cpp, line 3434
[Child 3812, MediaPlayback #4] WARNING: Decoder=1166223d000 state=DECODING_METADATA Decode metadata failed, shutting down decoder: file z:/build/build/src/dom/media/MediaDecoderStateMachine.cpp, line 372
[Child 3812, MediaPlayback #3] WARNING: Decoder=1166223b800 Decode error: NS_ERROR_DOM_MEDIA_METADATA_ERR (0x806e0006) - static MP4Metadata::ResultAndByteBuffer __cdecl mozilla::MP4Metadata::Metadata(mozilla::ByteStream *): Cannot parse metadata: file z:/build/build/src/dom/media/MediaDecoderStateMachine.cpp, line 3434
[Child 3812, MediaPlayback #1] WARNING: Decoder=1166223e000 state=DECODING_METADATA Decode metadata failed, shutting down decoder: file z:/build/build/src/dom/media/MediaDecoderStateMachine.cpp, line 372
[Child 3812, MediaPlayback #2] WARNING: Decoder=1166223ec00 state=DECODING_METADATA Decode metadata failed, shutting down decoder: file z:/build/build/src/dom/media/MediaDecoderStateMachine.cpp, line 372
[Child 3812, MediaPlayback #4] WARNING: Decoder=1166223d000 Decode error: NS_ERROR_DOM_MEDIA_METADATA_ERR (0x806e0006) - static MP4Metadata::ResultAndByteBuffer __cdecl mozilla::MP4Metadata::Metadata(mozilla::ByteStream *): Cannot parse metadata: file z:/build/build/src/dom/media/MediaDecoderStateMachine.cpp, line 3434
[Child 3812, MediaPlayback #3] WARNING: Decoder=11600396800 state=DECODING_METADATA Decode metadata failed, shutting down decoder: file z:/build/build/src/dom/media/MediaDecoderStateMachine.cpp, line 372
[Child 3812, MediaPlayback #1] WARNING: Decoder=1166223e000 Decode error: NS_ERROR_DOM_MEDIA_METADATA_ERR (0x806e0006) - static MP4Metadata::ResultAndByteBuffer __cdecl mozilla::MP4Metadata::Metadata(mozilla::ByteStream *): Cannot parse metadata: file z:/build/build/src/dom/media/MediaDecoderStateMachine.cpp, line 3434
[Child 3812, MediaPlayback #2] WARNING: Decoder=1166223ec00 Decode error: NS_ERROR_DOM_MEDIA_METADATA_ERR (0x806e0006) - static MP4Metadata::ResultAndByteBuffer __cdecl mozilla::MP4Metadata::Metadata(mozilla::ByteStream *): Cannot parse metadata: file z:/build/build/src/dom/media/MediaDecoderStateMachine.cpp, line 3434
[Child 3812, MediaPlayback #4] WARNING: Decoder=1166223f800 state=DECODING_METADATA Decode metadata failed, shutting down decoder: file z:/build/build/src/dom/media/MediaDecoderStateMachine.cpp, line 372
[Child 3812, MediaPlayback #4] WARNING: Decoder=1166223f800 Decode error: NS_ERROR_DOM_MEDIA_METADATA_ERR (0x806e0006) - static MP4Metadata::ResultAndByteBuffer __cdecl mozilla::MP4Metadata::Metadata(mozilla::ByteStream *): Cannot parse metadata: file z:/build/build/src/dom/media/MediaDecoderStateMachine.cpp, line 3434
[Child 3812, MediaPlayback #4] WARNING: Decoder=11662241000 state=DECODING_METADATA Decode metadata failed, shutting down decoder: file z:/build/build/src/dom/media/MediaDecoderStateMachine.cpp, line 372
[Child 3812, MediaPlayback #4] WARNING: Decoder=11662241000 Decode error: NS_ERROR_DOM_MEDIA_METADATA_ERR (0x806e0006) - static MP4Metadata::ResultAndByteBuffer __cdecl mozilla::MP4Metadata::Metadata(mozilla::ByteStream *): Cannot parse metadata: file z:/build/build/src/dom/media/MediaDecoderStateMachine.cpp, line 3434
[Child 3812, MediaPlayback #4] WARNING: Decoder=11662241800 state=DECODING_METADATA Decode metadata failed, shutting down decoder: file z:/build/build/src/dom/media/MediaDecoderStateMachine.cpp, line 372
[Child 3812, MediaPlayback #1] WARNING: Decoder=11662240000 state=DECODING_METADATA Decode metadata failed, shutting down decoder: file z:/build/build/src/dom/media/MediaDecoderStateMachine.cpp, line 372
[Child 3812, MediaPlayback #2] WARNING: Decoder=11662240800 state=DECODING_METADATA Decode metadata failed, shutting down decoder: file z:/build/build/src/dom/media/MediaDecoderStateMachine.cpp, line 372
[Child 3812, MediaPlayback #3] WARNING: Decoder=11600396800 Decode error: NS_ERROR_DOM_MEDIA_METADATA_ERR (0x806e0006) - static MP4Metadata::ResultAndByteBuffer __cdecl mozilla::MP4Metadata::Metadata(mozilla::ByteStream *): Cannot parse metadata: file z:/build/build/src/dom/media/MediaDecoderStateMachine.cpp, line 3434
[Child 3812, MediaPlayback #4] WARNING: Decoder=11662241800 Decode error: NS_ERROR_DOM_MEDIA_METADATA_ERR (0x806e0006) - static MP4Metadata::ResultAndByteBuffer __cdecl mozilla::MP4Metadata::Metadata(mozilla::ByteStream *): Cannot parse metadata: file z:/build/build/src/dom/media/MediaDecoderStateMachine.cpp, line 3434
[Child 3812, MediaPlayback #1] WARNING: Decoder=11662240000 Decode error: NS_ERROR_DOM_MEDIA_METADATA_ERR (0x806e0006) - static MP4Metadata::ResultAndByteBuffer __cdecl mozilla::MP4Metadata::Metadata(mozilla::ByteStream *): Cannot parse metadata: file z:/build/build/src/dom/media/MediaDecoderStateMachine.cpp, line 3434
[Child 3812, MediaPlayback #2] WARNING: Decoder=11662240800 Decode error: NS_ERROR_DOM_MEDIA_METADATA_ERR (0x806e0006) - static MP4Metadata::ResultAndByteBuffer __cdecl mozilla::MP4Metadata::Metadata(mozilla::ByteStream *): Cannot parse metadata: file z:/build/build/src/dom/media/MediaDecoderStateMachine.cpp, line 3434
[Child 3812, MediaPlayback #3] WARNING: Decoder=11662242000 state=DECODING_METADATA Decode metadata failed, shutting down decoder: file z:/build/build/src/dom/media/MediaDecoderStateMachine.cpp, line 372
[Child 3812, MediaPlayback #4] WARNING: Decoder=11662243000 state=DECODING_METADATA Decode metadata failed, shutting down decoder: file z:/build/build/src/dom/media/MediaDecoderStateMachine.cpp, line 372
[Child 3812, MediaPlayback #1] WARNING: Decoder=11662242800 state=DECODING_METADATA Decode metadata failed, shutting down decoder: file z:/build/build/src/dom/media/MediaDecoderStateMachine.cpp, line 372
[Child 3812, MediaPlayback #2] WARNING: Decoder=11662243800 state=DECODING_METADATA Decode metadata failed, shutting down decoder: file z:/build/build/src/dom/media/MediaDecoderStateMachine.cpp, line 372
[Child 3812, MediaPlayback #2] WARNING: Decoder=11662243800 Decode error: NS_ERROR_DOM_MEDIA_METADATA_ERR (0x806e0006) - static MP4Metadata::ResultAndByteBuffer __cdecl mozilla::MP4Metadata::Metadata(mozilla::ByteStream *): Cannot parse metadata: file z:/build/build/src/dom/media/MediaDecoderStateMachine.cpp, line 3434
[Child 3812, MediaPlayback #4] WARNING: Decoder=11662243000 Decode error: NS_ERROR_DOM_MEDIA_METADATA_ERR (0x806e0006) - static MP4Metadata::ResultAndByteBuffer __cdecl mozilla::MP4Metadata::Metadata(mozilla::ByteStream *): Cannot parse metadata: file z:/build/build/src/dom/media/MediaDecoderStateMachine.cpp, line 3434
[Child 3812, MediaPlayback #4] WARNING: Decoder=11662244800 state=DECODING_METADATA Decode metadata failed, shutting down decoder: file z:/build/build/src/dom/media/MediaDecoderStateMachine.cpp, line 372
[Child 3812, MediaPlayback #4] WARNING: Decoder=11662244800 Decode error: NS_ERROR_DOM_MEDIA_METADATA_ERR (0x806e0006) - static MP4Metadata::ResultAndByteBuffer __cdecl mozilla::MP4Metadata::Metadata(mozilla::ByteStream *): Cannot parse metadata: file z:/build/build/src/dom/media/MediaDecoderStateMachine.cpp, line 3434
[Child 3812, MediaPlayback #2] WARNING: Decoder=11662244000 state=DECODING_METADATA Decode metadata failed, shutting down decoder: file z:/build/build/src/dom/media/MediaDecoderStateMachine.cpp, line 372
[Child 3812, MediaPlayback #2] WARNING: Decoder=11662244000 Decode error: NS_ERROR_DOM_MEDIA_METADATA_ERR (0x806e0006) - static MP4Metadata::ResultAndByteBuffer __cdecl mozilla::MP4Metadata::Metadata(mozilla::ByteStream *): Cannot parse metadata: file z:/build/build/src/dom/media/MediaDecoderStateMachine.cpp, line 3434
[Child 3812, MediaPlayback #2] WARNING: Decoder=11662245800 state=DECODING_METADATA Decode metadata failed, shutting down decoder: file z:/build/build/src/dom/media/MediaDecoderStateMachine.cpp, line 372
[Child 3812, MediaPlayback #2] WARNING: Decoder=11662245800 Decode error: NS_ERROR_DOM_MEDIA_METADATA_ERR (0x806e0006) - static MP4Metadata::ResultAndByteBuffer __cdecl mozilla::MP4Metadata::Metadata(mozilla::ByteStream *): Cannot parse metadata: file z:/build/build/src/dom/media/MediaDecoderStateMachine.cpp, line 3434
[Child 3812, MediaPlayback #4] WARNING: Decoder=11662245000 state=DECODING_METADATA Decode metadata failed, shutting down decoder: file z:/build/build/src/dom/media/MediaDecoderStateMachine.cpp, line 372
[Child 3812, MediaPlayback #1] WARNING: Decoder=11662242800 Decode error: NS_ERROR_DOM_MEDIA_METADATA_ERR (0x806e0006) - static MP4Metadata::ResultAndByteBuffer __cdecl mozilla::MP4Metadata::Metadata(mozilla::ByteStream *): Cannot parse metadata: file z:/build/build/src/dom/media/MediaDecoderStateMachine.cpp, line 3434
[Child 3812, MediaPlayback #3] WARNING: Decoder=11662242000 Decode error: NS_ERROR_DOM_MEDIA_METADATA_ERR (0x806e0006) - static MP4Metadata::ResultAndByteBuffer __cdecl mozilla::MP4Metadata::Metadata(mozilla::ByteStream *): Cannot parse metadata: file z:/build/build/src/dom/media/MediaDecoderStateMachine.cpp, line 3434
[Child 3812, MediaPlayback #2] WARNING: Decoder=11662246000 state=DECODING_METADATA Decode metadata failed, shutting down decoder: file z:/build/build/src/dom/media/MediaDecoderStateMachine.cpp, line 372
[Child 3812, MediaPlayback #4] WARNING: Decoder=11662245000 Decode error: NS_ERROR_DOM_MEDIA_METADATA_ERR (0x806e0006) - static MP4Metadata::ResultAndByteBuffer __cdecl mozilla::MP4Metadata::Metadata(mozilla::ByteStream *): Cannot parse metadata: file z:/build/build/src/dom/media/MediaDecoderStateMachine.cpp, line 3434
[Child 3812, MediaPlayback #2] WARNING: Decoder=11662246000 Decode error: NS_ERROR_DOM_MEDIA_METADATA_ERR (0x806e0006) - static MP4Metadata::ResultAndByteBuffer __cdecl mozilla::MP4Metadata::Metadata(mozilla::ByteStream *): Cannot parse metadata: file z:/build/build/src/dom/media/MediaDecoderStateMachine.cpp, line 3434
[Child 3812, MediaPlayback #1] WARNING: Decoder=1167ec88400 state=DECODING_METADATA Decode metadata failed, shutting down decoder: file z:/build/build/src/dom/media/MediaDecoderStateMachine.cpp, line 372
[Child 3812, MediaPlayback #2] WARNING: Decoder=1167ec8ac00 state=DECODING_METADATA Decode metadata failed, shutting down decoder: file z:/build/build/src/dom/media/MediaDecoderStateMachine.cpp, line 372
[Child 3812, MediaPlayback #3] WARNING: Decoder=1167f282c00 state=DECODING_METADATA Decode metadata failed, shutting down decoder: file z:/build/build/src/dom/media/MediaDecoderStateMachine.cpp, line 372
[Child 3812, MediaPlayback #4] WARNING: Decoder=11672402800 state=DECODING_METADATA Decode metadata failed, shutting down decoder: file z:/build/build/src/dom/media/MediaDecoderStateMachine.cpp, line 372
[Child 3812, MediaPlayback #1] WARNING: Decoder=1167ec88400 Decode error: NS_ERROR_DOM_MEDIA_METADATA_ERR (0x806e0006) - static MP4Metadata::ResultAndByteBuffer __cdecl mozilla::MP4Metadata::Metadata(mozilla::ByteStream *): Cannot parse metadata: file z:/build/build/src/dom/media/MediaDecoderStateMachine.cpp, line 3434
[Child 3812, MediaPlayback #2] WARNING: Decoder=1167ec8ac00 Decode error: NS_ERROR_DOM_MEDIA_METADATA_ERR (0x806e0006) - static MP4Metadata::ResultAndByteBuffer __cdecl mozilla::MP4Metadata::Metadata(mozilla::ByteStream *): Cannot parse metadata: file z:/build/build/src/dom/media/MediaDecoderStateMachine.cpp, line 3434
[Child 3812, MediaPlayback #3] WARNING: Decoder=1167f282c00 Decode error: NS_ERROR_DOM_MEDIA_METADATA_ERR (0x806e0006) - static MP4Metadata::ResultAndByteBuffer __cdecl mozilla::MP4Metadata::Metadata(mozilla::ByteStream *): Cannot parse metadata: file z:/build/build/src/dom/media/MediaDecoderStateMachine.cpp, line 3434
[Child 3812, MediaPlayback #4] WARNING: Decoder=11672402800 Decode error: NS_ERROR_DOM_MEDIA_METADATA_ERR (0x806e0006) - static MP4Metadata::ResultAndByteBuffer __cdecl mozilla::MP4Metadata::Metadata(mozilla::ByteStream *): Cannot parse metadata: file z:/build/build/src/dom/media/MediaDecoderStateMachine.cpp, line 3434
[Child 3812, MediaPlayback #1] WARNING: Decoder=11672404800 state=DECODING_METADATA Decode metadata failed, shutting down decoder: file z:/build/build/src/dom/media/MediaDecoderStateMachine.cpp, line 372
[Child 3812, MediaPlayback #2] WARNING: Decoder=11672403400 state=DECODING_METADATA Decode metadata failed, shutting down decoder: file z:/build/build/src/dom/media/MediaDecoderStateMachine.cpp, line 372
[Child 3812, MediaPlayback #3] WARNING: Decoder=11672405800 state=DECODING_METADATA Decode metadata failed, shutting down decoder: file z:/build/build/src/dom/media/MediaDecoderStateMachine.cpp, line 372
[Child 3812, MediaPlayback #4] WARNING: Decoder=11672403000 state=DECODING_METADATA Decode metadata failed, shutting down decoder: file z:/build/build/src/dom/media/MediaDecoderStateMachine.cpp, line 372
[Child 3812, MediaPlayback #1] WARNING: Decoder=11672404800 Decode error: NS_ERROR_DOM_MEDIA_METADATA_ERR (0x806e0006) - static MP4Metadata::ResultAndByteBuffer __cdecl mozilla::MP4Metadata::Metadata(mozilla::ByteStream *): Cannot parse metadata: file z:/build/build/src/dom/media/MediaDecoderStateMachine.cpp, line 3434
[Child 3812, MediaPlayback #2] WARNING: Decoder=11672403400 Decode error: NS_ERROR_DOM_MEDIA_METADATA_ERR (0x806e0006) - static MP4Metadata::ResultAndByteBuffer __cdecl mozilla::MP4Metadata::Metadata(mozilla::ByteStream *): Cannot parse metadata: file z:/build/build/src/dom/media/MediaDecoderStateMachine.cpp, line 3434
[Child 3812, MediaPlayback #3] WARNING: Decoder=11672405800 Decode error: NS_ERROR_DOM_MEDIA_METADATA_ERR (0x806e0006) - static MP4Metadata::ResultAndByteBuffer __cdecl mozilla::MP4Metadata::Metadata(mozilla::ByteStream *): Cannot parse metadata: file z:/build/build/src/dom/media/MediaDecoderStateMachine.cpp, line 3434
[Child 3812, MediaPlayback #4] WARNING: Decoder=11672403000 Decode error: NS_ERROR_DOM_MEDIA_METADATA_ERR (0x806e0006) - static MP4Metadata::ResultAndByteBuffer __cdecl mozilla::MP4Metadata::Metadata(mozilla::ByteStream *): Cannot parse metadata: file z:/build/build/src/dom/media/MediaDecoderStateMachine.cpp, line 3434
[Child 3812, MediaPlayback #1] WARNING: Decoder=11672406400 state=DECODING_METADATA Decode metadata failed, shutting down decoder: file z:/build/build/src/dom/media/MediaDecoderStateMachine.cpp, line 372
[Child 3812, MediaPlayback #2] WARNING: Decoder=11672406c00 state=DECODING_METADATA Decode metadata failed, shutting down decoder: file z:/build/build/src/dom/media/MediaDecoderStateMachine.cpp, line 372
[Child 3812, MediaPlayback #3] WARNING: Decoder=11672407400 state=DECODING_METADATA Decode metadata failed, shutting down decoder: file z:/build/build/src/dom/media/MediaDecoderStateMachine.cpp, line 372
[Child 3812, MediaPlayback #4] WARNING: Decoder=11672407c00 state=DECODING_METADATA Decode metadata failed, shutting down decoder: file z:/build/build/src/dom/media/MediaDecoderStateMachine.cpp, line 372
[Child 3812, MediaPlayback #1] WARNING: Decoder=11672406400 Decode error: NS_ERROR_DOM_MEDIA_METADATA_ERR (0x806e0006) - static MP4Metadata::ResultAndByteBuffer __cdecl mozilla::MP4Metadata::Metadata(mozilla::ByteStream *): Cannot parse metadata: file z:/build/build/src/dom/media/MediaDecoderStateMachine.cpp, line 3434
[Child 3812, MediaPlayback #2] WARNING: Decoder=11672406c00 Decode error: NS_ERROR_DOM_MEDIA_METADATA_ERR (0x806e0006) - static MP4Metadata::ResultAndByteBuffer __cdecl mozilla::MP4Metadata::Metadata(mozilla::ByteStream *): Cannot parse metadata: file z:/build/build/src/dom/media/MediaDecoderStateMachine.cpp, line 3434
[Child 3812, MediaPlayback #3] WARNING: Decoder=11672407400 Decode error: NS_ERROR_DOM_MEDIA_METADATA_ERR (0x806e0006) - static MP4Metadata::ResultAndByteBuffer __cdecl mozilla::MP4Metadata::Metadata(mozilla::ByteStream *): Cannot parse metadata: file z:/build/build/src/dom/media/MediaDecoderStateMachine.cpp, line 3434
[Child 3812, MediaPlayback #4] WARNING: Decoder=11672407c00 Decode error: NS_ERROR_DOM_MEDIA_METADATA_ERR (0x806e0006) - static MP4Metadata::ResultAndByteBuffer __cdecl mozilla::MP4Metadata::Metadata(mozilla::ByteStream *): Cannot parse metadata: file z:/build/build/src/dom/media/MediaDecoderStateMachine.cpp, line 3434
[Child 3812, MediaPlayback #1] WARNING: Decoder=11672408400 state=DECODING_METADATA Decode metadata failed, shutting down decoder: file z:/build/build/src/dom/media/MediaDecoderStateMachine.cpp, line 372
[Child 3812, MediaPlayback #2] WARNING: Decoder=11672408c00 state=DECODING_METADATA Decode metadata failed, shutting down decoder: file z:/build/build/src/dom/media/MediaDecoderStateMachine.cpp, line 372
[Child 3812, MediaPlayback #3] WARNING: Decoder=11672409400 state=DECODING_METADATA Decode metadata failed, shutting down decoder: file z:/build/build/src/dom/media/MediaDecoderStateMachine.cpp, line 372
[Child 3812, MediaPlayback #4] WARNING: Decoder=11672409c00 state=DECODING_METADATA Decode metadata failed, shutting down decoder: file z:/build/build/src/dom/media/MediaDecoderStateMachine.cpp, line 372
[Child 3812, MediaPlayback #1] WARNING: Decoder=11672408400 Decode error: NS_ERROR_DOM_MEDIA_METADATA_ERR (0x806e0006) - static MP4Metadata::ResultAndByteBuffer __cdecl mozilla::MP4Metadata::Metadata(mozilla::ByteStream *): Cannot parse metadata: file z:/build/build/src/dom/media/MediaDecoderStateMachine.cpp, line 3434
[Child 3812, MediaPlayback #2] WARNING: Decoder=11672408c00 Decode error: NS_ERROR_DOM_MEDIA_METADATA_ERR (0x806e0006) - static MP4Metadata::ResultAndByteBuffer __cdecl mozilla::MP4Metadata::Metadata(mozilla::ByteStream *): Cannot parse metadata: file z:/build/build/src/dom/media/MediaDecoderStateMachine.cpp, line 3434
[Child 3812, MediaPlayback #3] WARNING: Decoder=11672409400 Decode error: NS_ERROR_DOM_MEDIA_METADATA_ERR (0x806e0006) - static MP4Metadata::ResultAndByteBuffer __cdecl mozilla::MP4Metadata::Metadata(mozilla::ByteStream *): Cannot parse metadata: file z:/build/build/src/dom/media/MediaDecoderStateMachine.cpp, line 3434
[Child 3812, MediaPlayback #4] WARNING: Decoder=11672409c00 Decode error: NS_ERROR_DOM_MEDIA_METADATA_ERR (0x806e0006) - static MP4Metadata::ResultAndByteBuffer __cdecl mozilla::MP4Metadata::Metadata(mozilla::ByteStream *): Cannot parse metadata: file z:/build/build/src/dom/media/MediaDecoderStateMachine.cpp, line 3434
[Child 3812, MediaPlayback #1] WARNING: Decoder=1167240a400 state=DECODING_METADATA Decode metadata failed, shutting down decoder: file z:/build/build/src/dom/media/MediaDecoderStateMachine.cpp, line 372
[Child 3812, MediaPlayback #2] WARNING: Decoder=1167240ac00 state=DECODING_METADATA Decode metadata failed, shutting down decoder: file z:/build/build/src/dom/media/MediaDecoderStateMachine.cpp, line 372
[Child 3812, MediaPlayback #3] WARNING: Decoder=1167240b400 state=DECODING_METADATA Decode metadata failed, shutting down decoder: file z:/build/build/src/dom/media/MediaDecoderStateMachine.cpp, line 372
[Child 3812, MediaPlayback #4] WARNING: Decoder=1167240bc00 state=DECODING_METADATA Decode metadata failed, shutting down decoder: file z:/build/build/src/dom/media/MediaDecoderStateMachine.cpp, line 372
[Child 3812, MediaPlayback #1] WARNING: Decoder=1167240a400 Decode error: NS_ERROR_DOM_MEDIA_METADATA_ERR (0x806e0006) - static MP4Metadata::ResultAndByteBuffer __cdecl mozilla::MP4Metadata::Metadata(mozilla::ByteStream *): Cannot parse metadata: file z:/build/build/src/dom/media/MediaDecoderStateMachine.cpp, line 3434
[Child 3812, MediaPlayback #2] WARNING: Decoder=1167240ac00 Decode error: NS_ERROR_DOM_MEDIA_METADATA_ERR (0x806e0006) - static MP4Metadata::ResultAndByteBuffer __cdecl mozilla::MP4Metadata::Metadata(mozilla::ByteStream *): Cannot parse metadata: file z:/build/build/src/dom/media/MediaDecoderStateMachine.cpp, line 3434
[Child 3812, MediaPlayback #3] WARNING: Decoder=1167240b400 Decode error: NS_ERROR_DOM_MEDIA_METADATA_ERR (0x806e0006) - static MP4Metadata::ResultAndByteBuffer __cdecl mozilla::MP4Metadata::Metadata(mozilla::ByteStream *): Cannot parse metadata: file z:/build/build/src/dom/media/MediaDecoderStateMachine.cpp, line 3434
[Child 3812, MediaPlayback #4] WARNING: Decoder=1167240bc00 Decode error: NS_ERROR_DOM_MEDIA_METADATA_ERR (0x806e0006) - static MP4Metadata::ResultAndByteBuffer __cdecl mozilla::MP4Metadata::Metadata(mozilla::ByteStream *): Cannot parse metadata: file z:/build/build/src/dom/media/MediaDecoderStateMachine.cpp, line 3434
[Child 3812, MediaPlayback #1] WARNING: Decoder=1167240c400 state=DECODING_METADATA Decode metadata failed, shutting down decoder: file z:/build/build/src/dom/media/MediaDecoderStateMachine.cpp, line 372
[Child 3812, MediaPlayback #2] WARNING: Decoder=1167240cc00 state=DECODING_METADATA Decode metadata failed, shutting down decoder: file z:/build/build/src/dom/media/MediaDecoderStateMachine.cpp, line 372
[Child 3812, MediaPlayback #3] WARNING: Decoder=1167240d400 state=DECODING_METADATA Decode metadata failed, shutting down decoder: file z:/build/build/src/dom/media/MediaDecoderStateMachine.cpp, line 372
[Child 3812, MediaPlayback #4] WARNING: Decoder=1167240dc00 state=DECODING_METADATA Decode metadata failed, shutting down decoder: file z:/build/build/src/dom/media/MediaDecoderStateMachine.cpp, line 372
[Child 3812, MediaPlayback #1] WARNING: Decoder=1167240c400 Decode error: NS_ERROR_DOM_MEDIA_METADATA_ERR (0x806e0006) - static MP4Metadata::ResultAndByteBuffer __cdecl mozilla::MP4Metadata::Metadata(mozilla::ByteStream *): Cannot parse metadata: file z:/build/build/src/dom/media/MediaDecoderStateMachine.cpp, line 3434
[Child 3812, MediaPlayback #2] WARNING: Decoder=1167240cc00 Decode error: NS_ERROR_DOM_MEDIA_METADATA_ERR (0x806e0006) - static MP4Metadata::ResultAndByteBuffer __cdecl mozilla::MP4Metadata::Metadata(mozilla::ByteStream *): Cannot parse metadata: file z:/build/build/src/dom/media/MediaDecoderStateMachine.cpp, line 3434
[Child 3812, MediaPlayback #3] WARNING: Decoder=1167240d400 Decode error: NS_ERROR_DOM_MEDIA_METADATA_ERR (0x806e0006) - static MP4Metadata::ResultAndByteBuffer __cdecl mozilla::MP4Metadata::Metadata(mozilla::ByteStream *): Cannot parse metadata: file z:/build/build/src/dom/media/MediaDecoderStateMachine.cpp, line 3434
[Child 3812, MediaPlayback #4] WARNING: Decoder=1167240dc00 Decode error: NS_ERROR_DOM_MEDIA_METADATA_ERR (0x806e0006) - static MP4Metadata::ResultAndByteBuffer __cdecl mozilla::MP4Metadata::Metadata(mozilla::ByteStream *): Cannot parse metadata: file z:/build/build/src/dom/media/MediaDecoderStateMachine.cpp, line 3434
[Child 3812, MediaPlayback #1] WARNING: Decoder=1167240e400 state=DECODING_METADATA Decode metadata failed, shutting down decoder: file z:/build/build/src/dom/media/MediaDecoderStateMachine.cpp, line 372
[Child 3812, MediaPlayback #2] WARNING: Decoder=1167240f000 state=DECODING_METADATA Decode metadata failed, shutting down decoder: file z:/build/build/src/dom/media/MediaDecoderStateMachine.cpp, line 372
[Child 3812, MediaPlayback #3] WARNING: Decoder=1167240f800 state=DECODING_METADATA Decode metadata failed, shutting down decoder: file z:/build/build/src/dom/media/MediaDecoderStateMachine.cpp, line 372
[Child 3812, MediaPlayback #4] WARNING: Decoder=11672410000 state=DECODING_METADATA Decode metadata failed, shutting down decoder: file z:/build/build/src/dom/media/MediaDecoderStateMachine.cpp, line 372
[Child 3812, MediaPlayback #1] WARNING: Decoder=1167240e400 Decode error: NS_ERROR_DOM_MEDIA_METADATA_ERR (0x806e0006) - static MP4Metadata::ResultAndByteBuffer __cdecl mozilla::MP4Metadata::Metadata(mozilla::ByteStream *): Cannot parse metadata: file z:/build/build/src/dom/media/MediaDecoderStateMachine.cpp, line 3434
[Child 3812, MediaPlayback #2] WARNING: Decoder=1167240f000 Decode error: NS_ERROR_DOM_MEDIA_METADATA_ERR (0x806e0006) - static MP4Metadata::ResultAndByteBuffer __cdecl mozilla::MP4Metadata::Metadata(mozilla::ByteStream *): Cannot parse metadata: file z:/build/build/src/dom/media/MediaDecoderStateMachine.cpp, line 3434
[Child 3812, MediaPlayback #3] WARNING: Decoder=1167240f800 Decode error: NS_ERROR_DOM_MEDIA_METADATA_ERR (0x806e0006) - static MP4Metadata::ResultAndByteBuffer __cdecl mozilla::MP4Metadata::Metadata(mozilla::ByteStream *): Cannot parse metadata: file z:/build/build/src/dom/media/MediaDecoderStateMachine.cpp, line 3434
[Child 3812, MediaPlayback #4] WARNING: Decoder=11672410000 Decode error: NS_ERROR_DOM_MEDIA_METADATA_ERR (0x806e0006) - static MP4Metadata::ResultAndByteBuffer __cdecl mozilla::MP4Metadata::Metadata(mozilla::ByteStream *): Cannot parse metadata: file z:/build/build/src/dom/media/MediaDecoderStateMachine.cpp, line 3434
[Child 3812, MediaPlayback #1] WARNING: Decoder=11672410800 state=DECODING_METADATA Decode metadata failed, shutting down decoder: file z:/build/build/src/dom/media/MediaDecoderStateMachine.cpp, line 372
[Child 3812, MediaPlayback #2] WARNING: Decoder=11672411000 state=DECODING_METADATA Decode metadata failed, shutting down decoder: file z:/build/build/src/dom/media/MediaDecoderStateMachine.cpp, line 372
[Child 3812, MediaPlayback #1] WARNING: Decoder=11672410800 Decode error: NS_ERROR_DOM_MEDIA_METADATA_ERR (0x806e0006) - static MP4Metadata::ResultAndByteBuffer __cdecl mozilla::MP4Metadata::Metadata(mozilla::ByteStream *): Cannot parse metadata: file z:/build/build/src/dom/media/MediaDecoderStateMachine.cpp, line 3434
[Child 3812, MediaPlayback #2] WARNING: Decoder=11672411000 Decode error: NS_ERROR_DOM_MEDIA_METADATA_ERR (0x806e0006) - static MP4Metadata::ResultAndByteBuffer __cdecl mozilla::MP4Metadata::Metadata(mozilla::ByteStream *): Cannot parse metadata: file z:/build/build/src/dom/media/MediaDecoderStateMachine.cpp, line 3434
[Child 3812, MediaPlayback #2] WARNING: Decoder=1167240b800 state=DECODING_METADATA Decode metadata failed, shutting down decoder: file z:/build/build/src/dom/media/MediaDecoderStateMachine.cpp, line 372
[Child 3812, MediaPlayback #3] WARNING: Decoder=1167240e000 state=DECODING_METADATA Decode metadata failed, shutting down decoder: file z:/build/build/src/dom/media/MediaDecoderStateMachine.cpp, line 372
[Child 3812, MediaPlayback #1] WARNING: Decoder=1167240fc00 state=DECODING_METADATA Decode metadata failed, shutting down decoder: file z:/build/build/src/dom/media/MediaDecoderStateMachine.cpp, line 372
[Child 3812, MediaPlayback #4] WARNING: Decoder=11672411400 state=DECODING_METADATA Decode metadata failed, shutting down decoder: file z:/build/build/src/dom/media/MediaDecoderStateMachine.cpp, line 372
[Child 3812, MediaPlayback #2] WARNING: Decoder=1167240b800 Decode error: NS_ERROR_DOM_MEDIA_METADATA_ERR (0x806e0006) - static MP4Metadata::ResultAndByteBuffer __cdecl mozilla::MP4Metadata::Metadata(mozilla::ByteStream *): Cannot parse metadata: file z:/build/build/src/dom/media/MediaDecoderStateMachine.cpp, line 3434
[Child 3812, MediaPlayback #3] WARNING: Decoder=1167240e000 Decode error: NS_ERROR_DOM_MEDIA_METADATA_ERR (0x806e0006) - static MP4Metadata::ResultAndByteBuffer __cdecl mozilla::MP4Metadata::Metadata(mozilla::ByteStream *): Cannot parse metadata: file z:/build/build/src/dom/media/MediaDecoderStateMachine.cpp, line 3434
[Child 3812, MediaPlayback #1] WARNING: Decoder=1167240fc00 Decode error: NS_ERROR_DOM_MEDIA_METADATA_ERR (0x806e0006) - static MP4Metadata::ResultAndByteBuffer __cdecl mozilla::MP4Metadata::Metadata(mozilla::ByteStream *): Cannot parse metadata: file z:/build/build/src/dom/media/MediaDecoderStateMachine.cpp, line 3434
[Child 3812, MediaPlayback #1] WARNING: Decoder=1167399e800 state=DECODING_METADATA Decode metadata failed, shutting down decoder: file z:/build/build/src/dom/media/MediaDecoderStateMachine.cpp, line 372
[Child 3812, MediaPlayback #2] WARNING: Decoder=11672e27400 state=DECODING_METADATA Decode metadata failed, shutting down decoder: file z:/build/build/src/dom/media/MediaDecoderStateMachine.cpp, line 372
[Child 3812, MediaPlayback #3] WARNING: Decoder=11672410400 state=DECODING_METADATA Decode metadata failed, shutting down decoder: file z:/build/build/src/dom/media/MediaDecoderStateMachine.cpp, line 372
[Child 3812, MediaPlayback #4] WARNING: Decoder=11672411400 Decode error: NS_ERROR_DOM_MEDIA_METADATA_ERR (0x806e0006) - static MP4Metadata::ResultAndByteBuffer __cdecl mozilla::MP4Metadata::Metadata(mozilla::ByteStream *): Cannot parse metadata: file z:/build/build/src/dom/media/MediaDecoderStateMachine.cpp, line 3434
[Child 3812, MediaPlayback #1] WARNING: Decoder=1167399e800 Decode error: NS_ERROR_DOM_MEDIA_METADATA_ERR (0x806e0006) - static MP4Metadata::ResultAndByteBuffer __cdecl mozilla::MP4Metadata::Metadata(mozilla::ByteStream *): Cannot parse metadata: file z:/build/build/src/dom/media/MediaDecoderStateMachine.cpp, line 3434
[Child 3812, MediaPlayback #2] WARNING: Decoder=11672e27400 Decode error: NS_ERROR_DOM_MEDIA_METADATA_ERR (0x806e0006) - static MP4Metadata::ResultAndByteBuffer __cdecl mozilla::MP4Metadata::Metadata(mozilla::ByteStream *): Cannot parse metadata: file z:/build/build/src/dom/media/MediaDecoderStateMachine.cpp, line 3434
[Child 3812, MediaPlayback #3] WARNING: Decoder=11672410400 Decode error: NS_ERROR_DOM_MEDIA_METADATA_ERR (0x806e0006) - static MP4Metadata::ResultAndByteBuffer __cdecl mozilla::MP4Metadata::Metadata(mozilla::ByteStream *): Cannot parse metadata: file z:/build/build/src/dom/media/MediaDecoderStateMachine.cpp, line 3434
[Child 3812, MediaPlayback #4] WARNING: Decoder=116724bd000 state=DECODING_METADATA Decode metadata failed, shutting down decoder: file z:/build/build/src/dom/media/MediaDecoderStateMachine.cpp, line 372
[Child 3812, MediaPlayback #1] WARNING: Decoder=11673f21000 state=DECODING_METADATA Decode metadata failed, shutting down decoder: file z:/build/build/src/dom/media/MediaDecoderStateMachine.cpp, line 372
[Child 3812, MediaPlayback #2] WARNING: Decoder=116743c1800 state=DECODING_METADATA Decode metadata failed, shutting down decoder: file z:/build/build/src/dom/media/MediaDecoderStateMachine.cpp, line 372
[Child 3812, MediaPlayback #3] WARNING: Decoder=116743c3000 state=DECODING_METADATA Decode metadata failed, shutting down decoder: file z:/build/build/src/dom/media/MediaDecoderStateMachine.cpp, line 372
[Child 3812, MediaPlayback #4] WARNING: Decoder=116724bd000 Decode error: NS_ERROR_DOM_MEDIA_METADATA_ERR (0x806e0006) - static MP4Metadata::ResultAndByteBuffer __cdecl mozilla::MP4Metadata::Metadata(mozilla::ByteStream *): Cannot parse metadata: file z:/build/build/src/dom/media/MediaDecoderStateMachine.cpp, line 3434
[Child 3812, MediaPlayback #1] WARNING: Decoder=11673f21000 Decode error: NS_ERROR_DOM_MEDIA_METADATA_ERR (0x806e0006) - static MP4Metadata::ResultAndByteBuffer __cdecl mozilla::MP4Metadata::Metadata(mozilla::ByteStream *): Cannot parse metadata: file z:/build/build/src/dom/media/MediaDecoderStateMachine.cpp, line 3434
[Child 3812, MediaPlayback #2] WARNING: Decoder=116743c1800 Decode error: NS_ERROR_DOM_MEDIA_METADATA_ERR (0x806e0006) - static MP4Metadata::ResultAndByteBuffer __cdecl mozilla::MP4Metadata::Metadata(mozilla::ByteStream *): Cannot parse metadata: file z:/build/build/src/dom/media/MediaDecoderStateMachine.cpp, line 3434
[Child 3812, MediaPlayback #3] WARNING: Decoder=116743c3000 Decode error: NS_ERROR_DOM_MEDIA_METADATA_ERR (0x806e0006) - static MP4Metadata::ResultAndByteBuffer __cdecl mozilla::MP4Metadata::Metadata(mozilla::ByteStream *): Cannot parse metadata: file z:/build/build/src/dom/media/MediaDecoderStateMachine.cpp, line 3434
[Child 3812, MediaPlayback #4] WARNING: Decoder=11674b76800 state=DECODING_METADATA Decode metadata failed, shutting down decoder: file z:/build/build/src/dom/media/MediaDecoderStateMachine.cpp, line 372
[Child 3812, MediaPlayback #4] WARNING: Decoder=11674b76800 Decode error: NS_ERROR_DOM_MEDIA_METADATA_ERR (0x806e0006) - static MP4Metadata::ResultAndByteBuffer __cdecl mozilla::MP4Metadata::Metadata(mozilla::ByteStream *): Cannot parse metadata: file z:/build/build/src/dom/media/MediaDecoderStateMachine.cpp, line 3434
[Child 3812, MediaPlayback #2] WARNING: Decoder=11675f82800 state=DECODING_METADATA Decode metadata failed, shutting down decoder: file z:/build/build/src/dom/media/MediaDecoderStateMachine.cpp, line 372
[Child 3812, MediaPlayback #3] WARNING: Decoder=11676145400 state=DECODING_METADATA Decode metadata failed, shutting down decoder: file z:/build/build/src/dom/media/MediaDecoderStateMachine.cpp, line 372
[Child 3812, MediaPlayback #1] WARNING: Decoder=11675f74c00 state=DECODING_METADATA Decode metadata failed, shutting down decoder: file z:/build/build/src/dom/media/MediaDecoderStateMachine.cpp, line 372
[Child 3812, MediaPlayback #4] WARNING: Decoder=11676149c00 state=DECODING_METADATA Decode metadata failed, shutting down decoder: file z:/build/build/src/dom/media/MediaDecoderStateMachine.cpp, line 372
[Child 3812, MediaPlayback #2] WARNING: Decoder=11675f82800 Decode error: NS_ERROR_DOM_MEDIA_METADATA_ERR (0x806e0006) - static MP4Metadata::ResultAndByteBuffer __cdecl mozilla::MP4Metadata::Metadata(mozilla::ByteStream *): Cannot parse metadata: file z:/build/build/src/dom/media/MediaDecoderStateMachine.cpp, line 3434
[Child 3812, MediaPlayback #3] WARNING: Decoder=11676145400 Decode error: NS_ERROR_DOM_MEDIA_METADATA_ERR (0x806e0006) - static MP4Metadata::ResultAndByteBuffer __cdecl mozilla::MP4Metadata::Metadata(mozilla::ByteStream *): Cannot parse metadata: file z:/build/build/src/dom/media/MediaDecoderStateMachine.cpp, line 3434
[Child 3812, MediaPlayback #1] WARNING: Decoder=11675f74c00 Decode error: NS_ERROR_DOM_MEDIA_METADATA_ERR (0x806e0006) - static MP4Metadata::ResultAndByteBuffer __cdecl mozilla::MP4Metadata::Metadata(mozilla::ByteStream *): Cannot parse metadata: file z:/build/build/src/dom/media/MediaDecoderStateMachine.cpp, line 3434
[Child 3812, MediaPlayback #4] WARNING: Decoder=11676149c00 Decode error: NS_ERROR_DOM_MEDIA_METADATA_ERR (0x806e0006) - static MP4Metadata::ResultAndByteBuffer __cdecl mozilla::MP4Metadata::Metadata(mozilla::ByteStream *): Cannot parse metadata: file z:/build/build/src/dom/media/MediaDecoderStateMachine.cpp, line 3434
[Child 3812, MediaPlayback #2] WARNING: Decoder=1167944f400 state=DECODING_METADATA Decode metadata failed, shutting down decoder: file z:/build/build/src/dom/media/MediaDecoderStateMachine.cpp, line 372
[Child 3812, MediaPlayback #3] WARNING: Decoder=11679459c00 state=DECODING_METADATA Decode metadata failed, shutting down decoder: file z:/build/build/src/dom/media/MediaDecoderStateMachine.cpp, line 372
[Child 3812, MediaPlayback #1] WARNING: Decoder=1167c208400 state=DECODING_METADATA Decode metadata failed, shutting down decoder: file z:/build/build/src/dom/media/MediaDecoderStateMachine.cpp, line 372
[Child 3812, MediaPlayback #4] WARNING: Decoder=1167cc9e800 state=DECODING_METADATA Decode metadata failed, shutting down decoder: file z:/build/build/src/dom/media/MediaDecoderStateMachine.cpp, line 372
[Child 3812, MediaPlayback #4] WARNING: Decoder=1167cc9e800 Decode error: NS_ERROR_DOM_MEDIA_METADATA_ERR (0x806e0006) - static MP4Metadata::ResultAndByteBuffer __cdecl mozilla::MP4Metadata::Metadata(mozilla::ByteStream *): Cannot parse metadata: file z:/build/build/src/dom/media/MediaDecoderStateMachine.cpp, line 3434
[Child 3812, MediaPlayback #3] WARNING: Decoder=11679459c00 Decode error: NS_ERROR_DOM_MEDIA_METADATA_ERR (0x806e0006) - static MP4Metadata::ResultAndByteBuffer __cdecl mozilla::MP4Metadata::Metadata(mozilla::ByteStream *): Cannot parse metadata: file z:/build/build/src/dom/media/MediaDecoderStateMachine.cpp, line 3434
[Child 3812, MediaPlayback #1] WARNING: Decoder=1167c208400 Decode error: NS_ERROR_DOM_MEDIA_METADATA_ERR (0x806e0006) - static MP4Metadata::ResultAndByteBuffer __cdecl mozilla::MP4Metadata::Metadata(mozilla::ByteStream *): Cannot parse metadata: file z:/build/build/src/dom/media/MediaDecoderStateMachine.cpp, line 3434
[Child 3812, MediaPlayback #2] WARNING: Decoder=1167944f400 Decode error: NS_ERROR_DOM_MEDIA_METADATA_ERR (0x806e0006) - static MP4Metadata::ResultAndByteBuffer __cdecl mozilla::MP4Metadata::Metadata(mozilla::ByteStream *): Cannot parse metadata: file z:/build/build/src/dom/media/MediaDecoderStateMachine.cpp, line 3434
[Child 3812, MediaPlayback #4] WARNING: Decoder=1167ec79c00 state=DECODING_METADATA Decode metadata failed, shutting down decoder: file z:/build/build/src/dom/media/MediaDecoderStateMachine.cpp, line 372
[Child 3812, MediaPlayback #3] WARNING: Decoder=1167ec7bc00 state=DECODING_METADATA Decode metadata failed, shutting down decoder: file z:/build/build/src/dom/media/MediaDecoderStateMachine.cpp, line 372
[Child 3812, MediaPlayback #1] WARNING: Decoder=1167ec80000 state=DECODING_METADATA Decode metadata failed, shutting down decoder: file z:/build/build/src/dom/media/MediaDecoderStateMachine.cpp, line 372
[Child 3812, MediaPlayback #2] WARNING: Decoder=1167ec82000 state=DECODING_METADATA Decode metadata failed, shutting down decoder: file z:/build/build/src/dom/media/MediaDecoderStateMachine.cpp, line 372
[Child 3812, MediaPlayback #4] WARNING: Decoder=1167ec79c00 Decode error: NS_ERROR_DOM_MEDIA_METADATA_ERR (0x806e0006) - static MP4Metadata::ResultAndByteBuffer __cdecl mozilla::MP4Metadata::Metadata(mozilla::ByteStream *): Cannot parse metadata: file z:/build/build/src/dom/media/MediaDecoderStateMachine.cpp, line 3434
[Child 3812, MediaPlayback #3] WARNING: Decoder=1167ec7bc00 Decode error: NS_ERROR_DOM_MEDIA_METADATA_ERR (0x806e0006) - static MP4Metadata::ResultAndByteBuffer __cdecl mozilla::MP4Metadata::Metadata(mozilla::ByteStream *): Cannot parse metadata: file z:/build/build/src/dom/media/MediaDecoderStateMachine.cpp, line 3434
[Child 3812, MediaPlayback #1] WARNING: Decoder=1167ec80000 Decode error: NS_ERROR_DOM_MEDIA_METADATA_ERR (0x806e0006) - static MP4Metadata::ResultAndByteBuffer __cdecl mozilla::MP4Metadata::Metadata(mozilla::ByteStream *): Cannot parse metadata: file z:/build/build/src/dom/media/MediaDecoderStateMachine.cpp, line 3434
[Child 3812, MediaPlayback #2] WARNING: Decoder=1167ec82000 Decode error: NS_ERROR_DOM_MEDIA_METADATA_ERR (0x806e0006) - static MP4Metadata::ResultAndByteBuffer __cdecl mozilla::MP4Metadata::Metadata(mozilla::ByteStream *): Cannot parse metadata: file z:/build/build/src/dom/media/MediaDecoderStateMachine.cpp, line 3434
[Child 3812, MediaPlayback #4] WARNING: Decoder=1167ec83400 state=DECODING_METADATA Decode metadata failed, shutting down decoder: file z:/build/build/src/dom/media/MediaDecoderStateMachine.cpp, line 372
[Child 3812, MediaPlayback #3] WARNING: Decoder=1167ec84c00 state=DECODING_METADATA Decode metadata failed, shutting down decoder: file z:/build/build/src/dom/media/MediaDecoderStateMachine.cpp, line 372
[Child 3812, MediaPlayback #1] WARNING: Decoder=1167ec85400 state=DECODING_METADATA Decode metadata failed, shutting down decoder: file z:/build/build/src/dom/media/MediaDecoderStateMachine.cpp, line 372
[Child 3812, MediaPlayback #2] WARNING: Decoder=1167ec86000 state=DECODING_METADATA Decode metadata failed, shutting down decoder: file z:/build/build/src/dom/media/MediaDecoderStateMachine.cpp, line 372
[Child 3812, MediaPlayback #4] WARNING: Decoder=1167ec83400 Decode error: NS_ERROR_DOM_MEDIA_METADATA_ERR (0x806e0006) - static MP4Metadata::ResultAndByteBuffer __cdecl mozilla::MP4Metadata::Metadata(mozilla::ByteStream *): Cannot parse metadata: file z:/build/build/src/dom/media/MediaDecoderStateMachine.cpp, line 3434
[Child 3812, MediaPlayback #3] WARNING: Decoder=1167ec84c00 Decode error: NS_ERROR_DOM_MEDIA_METADATA_ERR (0x806e0006) - static MP4Metadata::ResultAndByteBuffer __cdecl mozilla::MP4Metadata::Metadata(mozilla::ByteStream *): Cannot parse metadata: file z:/build/build/src/dom/media/MediaDecoderStateMachine.cpp, line 3434
[Child 3812, MediaPlayback #1] WARNING: Decoder=1167ec85400 Decode error: NS_ERROR_DOM_MEDIA_METADATA_ERR (0x806e0006) - static MP4Metadata::ResultAndByteBuffer __cdecl mozilla::MP4Metadata::Metadata(mozilla::ByteStream *): Cannot parse metadata: file z:/build/build/src/dom/media/MediaDecoderStateMachine.cpp, line 3434
[Child 3812, MediaPlayback #2] WARNING: Decoder=1167ec86000 Decode error: NS_ERROR_DOM_MEDIA_METADATA_ERR (0x806e0006) - static MP4Metadata::ResultAndByteBuffer __cdecl mozilla::MP4Metadata::Metadata(mozilla::ByteStream *): Cannot parse metadata: file z:/build/build/src/dom/media/MediaDecoderStateMachine.cpp, line 3434
[Child 3812, MediaPlayback #4] WARNING: Decoder=1167ec86800 state=DECODING_METADATA Decode metadata failed, shutting down decoder: file z:/build/build/src/dom/media/MediaDecoderStateMachine.cpp, line 372
[Child 3812, MediaPlayback #3] WARNING: Decoder=1167ec87000 state=DECODING_METADATA Decode metadata failed, shutting down decoder: file z:/build/build/src/dom/media/MediaDecoderStateMachine.cpp, line 372
[Child 3812, MediaPlayback #4] WARNING: Decoder=1167ec86800 Decode error: NS_ERROR_DOM_MEDIA_METADATA_ERR (0x806e0006) - static MP4Metadata::ResultAndByteBuffer __cdecl mozilla::MP4Metadata::Metadata(mozilla::ByteStream *): Cannot parse metadata: file z:/build/build/src/dom/media/MediaDecoderStateMachine.cpp, line 3434
[Child 3812, MediaPlayback #3] WARNING: Decoder=1167ec87000 Decode error: NS_ERROR_DOM_MEDIA_METADATA_ERR (0x806e0006) - static MP4Metadata::ResultAndByteBuffer __cdecl mozilla::MP4Metadata::Metadata(mozilla::ByteStream *): Cannot parse metadata: file z:/build/build/src/dom/media/MediaDecoderStateMachine.cpp, line 3434
[Parent 2748, Gecko_IOThread] WARNING: pipe error: 109: file z:/build/build/src/ipc/chromium/src/chrome/common/ipc_channel_win.cc, line 346
[Parent 2748, Gecko_IOThread] WARNING: pipe error: 109: file z:/build/build/src/ipc/chromium/src/chrome/common/ipc_channel_win.cc, line 346
JavaScript error: https://vd.escapicon.net/v2vjs/sas/20190110_cf6ffc82301e0ef698f31fcf1ca8a3d3e2a01b3b/wbk/v2v_e_c_bundle.js, line 1: NS_ERROR_NOT_INITIALIZED: 
JavaScript error: https://vd.escapicon.net/v2vjs/sas/20190110_cf6ffc82301e0ef698f31fcf1ca8a3d3e2a01b3b/wbk/v2v_e_c_bundle.js, line 1: NS_ERROR_FAILURE: 
JavaScript error: https://cdn.doubleverify.com/dv-measurements250.js, line 54: TypeError: b is undefined
[Parent 2748, Gecko_IOThread] WARNING: pipe error: 109: file z:/build/build/src/ipc/chromium/src/chrome/common/ipc_channel_win.cc, line 346
JavaScript error: https://cdn.doubleverify.com/dv-measurements250.js, line 52: NS_ERROR_NOT_INITIALIZED: 
[Parent 2748, Gecko_IOThread] WARNING: pipe error: 109: file z:/build/build/src/ipc/chromium/src/chrome/common/ipc_channel_win.cc, line 346
JavaScript error: https://cdn.doubleverify.com/dv-measurements250.js, line 52: NS_ERROR_NOT_INITIALIZED: 
JavaScript error: https://cdn.doubleverify.com/dv-measurements252.js, line 52: NS_ERROR_NOT_INITIALIZED: 
[Parent 2748, Gecko_IOThread] WARNING: pipe error: 109: file z:/build/build/src/ipc/chromium/src/chrome/common/ipc_channel_win.cc, line 346
JavaScript error: https://cdn.bannerflow.com/bf-banners/5ba3b0c5f4ea276fa4bd92a7.html?cb=636809332414187818&clickpixel=%2F%2F59c9120b31ae8f128419d688.tracker.bannerflow.com%2Fapi%2Ftr%2Fclick%3Fdata%3D%257B%2522account%2522%253A%2522melia-hotels-international%2522%252C%2522brand%2522%253A%252259c9120b31ae8f128419d688%2522%252C%2522placement%2522%253A%25225ba9157c9f8e523a244bd4ab%2522%252C%2522ad%2522%253A%25225ba3b0c5f4ea276fa4bd92a8%2522%252C%2522bannerset%2522%253A%25225b998f5ac88dfe17e0f6a157%2522%252C%2522banner%2522%253A%25225ba3b0c5f4ea276fa4bd92a7%2522%252C%2522spotIndexes%2522%253A0%252C%2522bannerIds%2522%253A%25225ba3b0c5f4ea276fa4bd92a7%2522%257D&targeturl=https%3A%2F%2Fnym1-ib.adnxs.com%2Fclick%3FZx1VTRB1Lz_kM4-yNKYmPwAAAIA9CgNA5DOPsjSmJj9oHVVNEHUvP2bUPyvYT9V0lrHmIE6zI0LVWD1cAAAAAPDesgDVGwAApyMAAAIAAACG8AEHvt4QAAAAAABVU0QAVVNEANgCWgDwtgAAAAABAQUCAAAAALgA0iK2WgAAAAA.%2Fbcr%3DAAAAAAAA8D8%3D%2Fcnd%3D%2521QhCvowjVyO8LEIbhhzgYvr1DIAAoADEAAAAAAAAAADoJTllNMjo0MDM1QPIESZ88LNSa5us_UQAAAAAAAAAAWQAAAAAAAAAA%2Fcca%3DOTEyNyNOWU0yOjQwMzU%3D%2Fbn%3D77533%2Freferrer%3Dhttps%253A%252F%252Fwww.basketball-reference.com%252Fleagues%252FNBA_2018_totals.html%2Fclickenc%3Dhttps%3A%2F%2Fa1.adform.net%2FC%2F%3Fbn%3D25058479%3Badfibeg%3D0%3Bcdata%3DjSKgB0I9qtqu1JGsOt7RP7quo_-ffEUVHXymdhRsnBN9bl9ZYddmxNgN2HFy33sivhSDkLrTJNWTpXjwxTXupOf0CxWM8d6If4j-mrKeQqfl2hUwRysX3QO_GDEc1ZxIwfNYnyIbkgkrdlfEaSKMmsN4iOtIBxgX0%3B%3BCREFURL%3Dhttps%253a%252f%252fwww.basketball-reference.com%252fleagues%252fNBA_2018_totals.html%3BC%3D1&targetwindow=_blank&ref=https%3A%2F%2Fwww.basketball-reference.com%2Fleagues%2FNBA_2018_totals.html, line 45: ReferenceError: BF is not defined
JavaScript error: https://cdn.bannerflow.com/bf-banners/5ba3b0c5f4ea276fa4bd92a7.html?cb=636809332414187818&clickpixel=%2F%2F59c9120b31ae8f128419d688.tracker.bannerflow.com%2Fapi%2Ftr%2Fclick%3Fdata%3D%257B%2522account%2522%253A%2522melia-hotels-international%2522%252C%2522brand%2522%253A%252259c9120b31ae8f128419d688%2522%252C%2522placement%2522%253A%25225ba9157c9f8e523a244bd4ab%2522%252C%2522ad%2522%253A%25225ba3b0c5f4ea276fa4bd92a8%2522%252C%2522bannerset%2522%253A%25225b998f5ac88dfe17e0f6a157%2522%252C%2522banner%2522%253A%25225ba3b0c5f4ea276fa4bd92a7%2522%252C%2522spotIndexes%2522%253A0%252C%2522bannerIds%2522%253A%25225ba3b0c5f4ea276fa4bd92a7%2522%257D&targeturl=https%3A%2F%2Fnym1-ib.adnxs.com%2Fclick%3FZx1VTRB1Lz_kM4-yNKYmPwAAAIA9CgNA5DOPsjSmJj9oHVVNEHUvP2bUPyvYT9V0lrHmIE6zI0LVWD1cAAAAAPDesgDVGwAApyMAAAIAAACG8AEHvt4QAAAAAABVU0QAVVNEANgCWgDwtgAAAAABAQUCAAAAALgA0iK2WgAAAAA.%2Fbcr%3DAAAAAAAA8D8%3D%2Fcnd%3D%2521QhCvowjVyO8LEIbhhzgYvr1DIAAoADEAAAAAAAAAADoJTllNMjo0MDM1QPIESZ88LNSa5us_UQAAAAAAAAAAWQAAAAAAAAAA%2Fcca%3DOTEyNyNOWU0yOjQwMzU%3D%2Fbn%3D77533%2Freferrer%3Dhttps%253A%252F%252Fwww.basketball-reference.com%252Fleagues%252FNBA_2018_totals.html%2Fclickenc%3Dhttps%3A%2F%2Fa1.adform.net%2FC%2F%3Fbn%3D25058479%3Badfibeg%3D0%3Bcdata%3DjSKgB0I9qtqu1JGsOt7RP7quo_-ffEUVHXymdhRsnBN9bl9ZYddmxNgN2HFy33sivhSDkLrTJNWTpXjwxTXupOf0CxWM8d6If4j-mrKeQqfl2hUwRysX3QO_GDEc1ZxIwfNYnyIbkgkrdlfEaSKMmsN4iOtIBxgX0%3B%3BCREFURL%3Dhttps%253a%252f%252fwww.basketball-reference.com%252fleagues%252fNBA_2018_totals.html%3BC%3D1&targetwindow=_blank&ref=https%3A%2F%2Fwww.basketball-reference.com%2Fleagues%2FNBA_2018_totals.html, line 45: ReferenceError: BF is not defined
JavaScript error: https://cdn.bannerflow.com/bf-banners/5ba3b0c5f4ea276fa4bd92a7.html?cb=636809332414187818&clickpixel=%2F%2F59c9120b31ae8f128419d688.tracker.bannerflow.com%2Fapi%2Ftr%2Fclick%3Fdata%3D%257B%2522account%2522%253A%2522melia-hotels-international%2522%252C%2522brand%2522%253A%252259c9120b31ae8f128419d688%2522%252C%2522placement%2522%253A%25225ba9157c9f8e523a244bd4ab%2522%252C%2522ad%2522%253A%25225ba3b0c5f4ea276fa4bd92a8%2522%252C%2522bannerset%2522%253A%25225b998f5ac88dfe17e0f6a157%2522%252C%2522banner%2522%253A%25225ba3b0c5f4ea276fa4bd92a7%2522%252C%2522spotIndexes%2522%253A0%252C%2522bannerIds%2522%253A%25225ba3b0c5f4ea276fa4bd92a7%2522%257D&targeturl=https%3A%2F%2Fnym1-ib.adnxs.com%2Fclick%3FZx1VTRB1Lz_kM4-yNKYmPwAAAIA9CgNA5DOPsjSmJj9oHVVNEHUvP2bUPyvYT9V0lrHmIE6zI0LVWD1cAAAAAPDesgDVGwAApyMAAAIAAACG8AEHvt4QAAAAAABVU0QAVVNEANgCWgDwtgAAAAABAQUCAAAAALgA0iK2WgAAAAA.%2Fbcr%3DAAAAAAAA8D8%3D%2Fcnd%3D%2521QhCvowjVyO8LEIbhhzgYvr1DIAAoADEAAAAAAAAAADoJTllNMjo0MDM1QPIESZ88LNSa5us_UQAAAAAAAAAAWQAAAAAAAAAA%2Fcca%3DOTEyNyNOWU0yOjQwMzU%3D%2Fbn%3D77533%2Freferrer%3Dhttps%253A%252F%252Fwww.basketball-reference.com%252Fleagues%252FNBA_2018_totals.html%2Fclickenc%3Dhttps%3A%2F%2Fa1.adform.net%2FC%2F%3Fbn%3D25058479%3Badfibeg%3D0%3Bcdata%3DjSKgB0I9qtqu1JGsOt7RP7quo_-ffEUVHXymdhRsnBN9bl9ZYddmxNgN2HFy33sivhSDkLrTJNWTpXjwxTXupOf0CxWM8d6If4j-mrKeQqfl2hUwRysX3QO_GDEc1ZxIwfNYnyIbkgkrdlfEaSKMmsN4iOtIBxgX0%3B%3BCREFURL%3Dhttps%253a%252f%252fwww.basketball-reference.com%252fleagues%252fNBA_2018_totals.html%3BC%3D1&targetwindow=_blank&ref=https%3A%2F%2Fwww.basketball-reference.com%2Fleagues%2FNBA_2018_totals.html, line 45: ReferenceError: BF is not defined
JavaScript error: https://cdn.bannerflow.com/bf-banners/5ba3b0c5f4ea276fa4bd92a7.html?cb=636809332414187818&clickpixel=%2F%2F59c9120b31ae8f128419d688.tracker.bannerflow.com%2Fapi%2Ftr%2Fclick%3Fdata%3D%257B%2522account%2522%253A%2522melia-hotels-international%2522%252C%2522brand%2522%253A%252259c9120b31ae8f128419d688%2522%252C%2522placement%2522%253A%25225ba9157c9f8e523a244bd4ab%2522%252C%2522ad%2522%253A%25225ba3b0c5f4ea276fa4bd92a8%2522%252C%2522bannerset%2522%253A%25225b998f5ac88dfe17e0f6a157%2522%252C%2522banner%2522%253A%25225ba3b0c5f4ea276fa4bd92a7%2522%252C%2522spotIndexes%2522%253A0%252C%2522bannerIds%2522%253A%25225ba3b0c5f4ea276fa4bd92a7%2522%257D&targeturl=https%3A%2F%2Fnym1-ib.adnxs.com%2Fclick%3FZx1VTRB1Lz_kM4-yNKYmPwAAAIA9CgNA5DOPsjSmJj9oHVVNEHUvP2bUPyvYT9V0lrHmIE6zI0LVWD1cAAAAAPDesgDVGwAApyMAAAIAAACG8AEHvt4QAAAAAABVU0QAVVNEANgCWgDwtgAAAAABAQUCAAAAALgA0iK2WgAAAAA.%2Fbcr%3DAAAAAAAA8D8%3D%2Fcnd%3D%2521QhCvowjVyO8LEIbhhzgYvr1DIAAoADEAAAAAAAAAADoJTllNMjo0MDM1QPIESZ88LNSa5us_UQAAAAAAAAAAWQAAAAAAAAAA%2Fcca%3DOTEyNyNOWU0yOjQwMzU%3D%2Fbn%3D77533%2Freferrer%3Dhttps%253A%252F%252Fwww.basketball-reference.com%252Fleagues%252FNBA_2018_totals.html%2Fclickenc%3Dhttps%3A%2F%2Fa1.adform.net%2FC%2F%3Fbn%3D25058479%3Badfibeg%3D0%3Bcdata%3DjSKgB0I9qtqu1JGsOt7RP7quo_-ffEUVHXymdhRsnBN9bl9ZYddmxNgN2HFy33sivhSDkLrTJNWTpXjwxTXupOf0CxWM8d6If4j-mrKeQqfl2hUwRysX3QO_GDEc1ZxIwfNYnyIbkgkrdlfEaSKMmsN4iOtIBxgX0%3B%3BCREFURL%3Dhttps%253a%252f%252fwww.basketball-reference.com%252fleagues%252fNBA_2018_totals.html%3BC%3D1&targetwindow=_blank&ref=https%3A%2F%2Fwww.basketball-reference.com%2Fleagues%2FNBA_2018_totals.html, line 45: ReferenceError: BF is not defined
JavaScript error: https://cdn.bannerflow.com/bf-banners/5ba3b0c5f4ea276fa4bd92a7.html?cb=636809332414187818&clickpixel=%2F%2F59c9120b31ae8f128419d688.tracker.bannerflow.com%2Fapi%2Ftr%2Fclick%3Fdata%3D%257B%2522account%2522%253A%2522melia-hotels-international%2522%252C%2522brand%2522%253A%252259c9120b31ae8f128419d688%2522%252C%2522placement%2522%253A%25225ba9157c9f8e523a244bd4ab%2522%252C%2522ad%2522%253A%25225ba3b0c5f4ea276fa4bd92a8%2522%252C%2522bannerset%2522%253A%25225b998f5ac88dfe17e0f6a157%2522%252C%2522banner%2522%253A%25225ba3b0c5f4ea276fa4bd92a7%2522%252C%2522spotIndexes%2522%253A0%252C%2522bannerIds%2522%253A%25225ba3b0c5f4ea276fa4bd92a7%2522%257D&targeturl=https%3A%2F%2Fnym1-ib.adnxs.com%2Fclick%3FZx1VTRB1Lz_kM4-yNKYmPwAAAIA9CgNA5DOPsjSmJj9oHVVNEHUvP2bUPyvYT9V0lrHmIE6zI0LVWD1cAAAAAPDesgDVGwAApyMAAAIAAACG8AEHvt4QAAAAAABVU0QAVVNEANgCWgDwtgAAAAABAQUCAAAAALgA0iK2WgAAAAA.%2Fbcr%3DAAAAAAAA8D8%3D%2Fcnd%3D%2521QhCvowjVyO8LEIbhhzgYvr1DIAAoADEAAAAAAAAAADoJTllNMjo0MDM1QPIESZ88LNSa5us_UQAAAAAAAAAAWQAAAAAAAAAA%2Fcca%3DOTEyNyNOWU0yOjQwMzU%3D%2Fbn%3D77533%2Freferrer%3Dhttps%253A%252F%252Fwww.basketball-reference.com%252Fleagues%252FNBA_2018_totals.html%2Fclickenc%3Dhttps%3A%2F%2Fa1.adform.net%2FC%2F%3Fbn%3D25058479%3Badfibeg%3D0%3Bcdata%3DjSKgB0I9qtqu1JGsOt7RP7quo_-ffEUVHXymdhRsnBN9bl9ZYddmxNgN2HFy33sivhSDkLrTJNWTpXjwxTXupOf0CxWM8d6If4j-mrKeQqfl2hUwRysX3QO_GDEc1ZxIwfNYnyIbkgkrdlfEaSKMmsN4iOtIBxgX0%3B%3BCREFURL%3Dhttps%253a%252f%252fwww.basketball-reference.com%252fleagues%252fNBA_2018_totals.html%3BC%3D1&targetwindow=_blank&ref=https%3A%2F%2Fwww.basketball-reference.com%2Fleagues%2FNBA_2018_totals.html, line 45: ReferenceError: BF is not defined
JavaScript error: https://cdn.bannerflow.com/bf-banners/5ba3b0c5f4ea276fa4bd92a7.html?cb=636809332414187818&clickpixel=%2F%2F59c9120b31ae8f128419d688.tracker.bannerflow.com%2Fapi%2Ftr%2Fclick%3Fdata%3D%257B%2522account%2522%253A%2522melia-hotels-international%2522%252C%2522brand%2522%253A%252259c9120b31ae8f128419d688%2522%252C%2522placement%2522%253A%25225ba9157c9f8e523a244bd4ab%2522%252C%2522ad%2522%253A%25225ba3b0c5f4ea276fa4bd92a8%2522%252C%2522bannerset%2522%253A%25225b998f5ac88dfe17e0f6a157%2522%252C%2522banner%2522%253A%25225ba3b0c5f4ea276fa4bd92a7%2522%252C%2522spotIndexes%2522%253A0%252C%2522bannerIds%2522%253A%25225ba3b0c5f4ea276fa4bd92a7%2522%257D&targeturl=https%3A%2F%2Fnym1-ib.adnxs.com%2Fclick%3FZx1VTRB1Lz_kM4-yNKYmPwAAAIA9CgNA5DOPsjSmJj9oHVVNEHUvP2bUPyvYT9V0lrHmIE6zI0LVWD1cAAAAAPDesgDVGwAApyMAAAIAAACG8AEHvt4QAAAAAABVU0QAVVNEANgCWgDwtgAAAAABAQUCAAAAALgA0iK2WgAAAAA.%2Fbcr%3DAAAAAAAA8D8%3D%2Fcnd%3D%2521QhCvowjVyO8LEIbhhzgYvr1DIAAoADEAAAAAAAAAADoJTllNMjo0MDM1QPIESZ88LNSa5us_UQAAAAAAAAAAWQAAAAAAAAAA%2Fcca%3DOTEyNyNOWU0yOjQwMzU%3D%2Fbn%3D77533%2Freferrer%3Dhttps%253A%252F%252Fwww.basketball-reference.com%252Fleagues%252FNBA_2018_totals.html%2Fclickenc%3Dhttps%3A%2F%2Fa1.adform.net%2FC%2F%3Fbn%3D25058479%3Badfibeg%3D0%3Bcdata%3DjSKgB0I9qtqu1JGsOt7RP7quo_-ffEUVHXymdhRsnBN9bl9ZYddmxNgN2HFy33sivhSDkLrTJNWTpXjwxTXupOf0CxWM8d6If4j-mrKeQqfl2hUwRysX3QO_GDEc1ZxIwfNYnyIbkgkrdlfEaSKMmsN4iOtIBxgX0%3B%3BCREFURL%3Dhttps%253a%252f%252fwww.basketball-reference.com%252fleagues%252fNBA_2018_totals.html%3BC%3D1&targetwindow=_blank&ref=https%3A%2F%2Fwww.basketball-reference.com%2Fleagues%2FNBA_2018_totals.html, line 45: ReferenceError: BF is not defined
JavaScript error: https://cdn.bannerflow.com/bf-banners/5ba3b0c5f4ea276fa4bd92a7.html?cb=636809332414187818&clickpixel=%2F%2F59c9120b31ae8f128419d688.tracker.bannerflow.com%2Fapi%2Ftr%2Fclick%3Fdata%3D%257B%2522account%2522%253A%2522melia-hotels-international%2522%252C%2522brand%2522%253A%252259c9120b31ae8f128419d688%2522%252C%2522placement%2522%253A%25225ba9157c9f8e523a244bd4ab%2522%252C%2522ad%2522%253A%25225ba3b0c5f4ea276fa4bd92a8%2522%252C%2522bannerset%2522%253A%25225b998f5ac88dfe17e0f6a157%2522%252C%2522banner%2522%253A%25225ba3b0c5f4ea276fa4bd92a7%2522%252C%2522spotIndexes%2522%253A0%252C%2522bannerIds%2522%253A%25225ba3b0c5f4ea276fa4bd92a7%2522%257D&targeturl=https%3A%2F%2Fnym1-ib.adnxs.com%2Fclick%3FZx1VTRB1Lz_kM4-yNKYmPwAAAIA9CgNA5DOPsjSmJj9oHVVNEHUvP2bUPyvYT9V0lrHmIE6zI0LVWD1cAAAAAPDesgDVGwAApyMAAAIAAACG8AEHvt4QAAAAAABVU0QAVVNEANgCWgDwtgAAAAABAQUCAAAAALgA0iK2WgAAAAA.%2Fbcr%3DAAAAAAAA8D8%3D%2Fcnd%3D%2521QhCvowjVyO8LEIbhhzgYvr1DIAAoADEAAAAAAAAAADoJTllNMjo0MDM1QPIESZ88LNSa5us_UQAAAAAAAAAAWQAAAAAAAAAA%2Fcca%3DOTEyNyNOWU0yOjQwMzU%3D%2Fbn%3D77533%2Freferrer%3Dhttps%253A%252F%252Fwww.basketball-reference.com%252Fleagues%252FNBA_2018_totals.html%2Fclickenc%3Dhttps%3A%2F%2Fa1.adform.net%2FC%2F%3Fbn%3D25058479%3Badfibeg%3D0%3Bcdata%3DjSKgB0I9qtqu1JGsOt7RP7quo_-ffEUVHXymdhRsnBN9bl9ZYddmxNgN2HFy33sivhSDkLrTJNWTpXjwxTXupOf0CxWM8d6If4j-mrKeQqfl2hUwRysX3QO_GDEc1ZxIwfNYnyIbkgkrdlfEaSKMmsN4iOtIBxgX0%3B%3BCREFURL%3Dhttps%253a%252f%252fwww.basketball-reference.com%252fleagues%252fNBA_2018_totals.html%3BC%3D1&targetwindow=_blank&ref=https%3A%2F%2Fwww.basketball-reference.com%2Fleagues%2FNBA_2018_totals.html, line 45: ReferenceError: BF is not defined
JavaScript error: https://cdn.doubleverify.com/dv-measurements250.js, line 52: NS_ERROR_NOT_INITIALIZED: 
JavaScript error: https://cdn.doubleverify.com/dv-measurements250.js, line 52: NS_ERROR_NOT_INITIALIZED: 
JavaScript error: https://cdn.doubleverify.com/dv-measurements250.js, line 52: NS_ERROR_NOT_INITIALIZED: 
JavaScript error: https://cdn.doubleverify.com/dv-measurements250.js, line 52: NS_ERROR_NOT_INITIALIZED: 
JavaScript error: https://cdn.doubleverify.com/dv-measurements250.js, line 52: NS_ERROR_NOT_INITIALIZED: 
JavaScript error: https://cdn.doubleverify.com/dv-measurements250.js, line 52: NS_ERROR_NOT_INITIALIZED: 
JavaScript error: https://cdn.doubleverify.com/dv-measurements250.js, line 52: NS_ERROR_NOT_INITIALIZED: 
JavaScript error: https://cdn.doubleverify.com/dv-measurements250.js, line 52: NS_ERROR_NOT_INITIALIZED: 
JavaScript error: https://cdn.doubleverify.com/dv-measurements250.js, line 52: NS_ERROR_NOT_INITIALIZED: 
[Parent 2748, Gecko_IOThread] WARNING: pipe error: 109: file z:/build/build/src/ipc/chromium/src/chrome/common/ipc_channel_win.cc, line 346
JavaScript error: https://cdn.doubleverify.com/dv-measurements250.js, line 52: NS_ERROR_NOT_INITIALIZED: 
JavaScript error: https://cdn.doubleverify.com/dv-measurements250.js, line 52: NS_ERROR_NOT_INITIALIZED: 
JavaScript error: https://cdn.doubleverify.com/dv-measurements252.js, line 52: NS_ERROR_NOT_INITIALIZED: 
JavaScript error: https://cdn.doubleverify.com/dv-measurements250.js, line 52: NS_ERROR_NOT_INITIALIZED: 
JavaScript error: https://cdn.doubleverify.com/dv-measurements250.js, line 52: NS_ERROR_NOT_INITIALIZED: 
[Parent 2748, Gecko_IOThread] WARNING: pipe error: 109: file z:/build/build/src/ipc/chromium/src/chrome/common/ipc_channel_win.cc, line 346
[Child 2316, Chrome_ChildThread] WARNING: pipe error: 109: file z:/build/build/src/ipc/chromium/src/chrome/common/ipc_channel_win.cc, line 346
[Parent 2748, Gecko_IOThread] WARNING: file z:/build/build/src/ipc/chromium/src/base/process_util_win.cc, line 188
[Parent 2748, Gecko_IOThread] WARNING: pipe error: 109: file z:/build/build/src/ipc/chromium/src/chrome/common/ipc_channel_win.cc, line 346
1547558085511	mozrunner::runner	INFO	Running command: "C:\\Program Files\\Mozilla Firefox\\firefox.exe" "-marionette" "-foreground" "-no-remote" "-profile" "C:\\Users\\Caio\\AppData\\Local\\Temp\\rust_mozprofile.4oeGjLaRfpSg"
1547558086806	addons.webextension.screenshots@mozilla.org	WARN	Loading extension 'screenshots@mozilla.org': Reading manifest: Invalid host permission: resource://pdf.js/
1547558086806	addons.webextension.screenshots@mozilla.org	WARN	Loading extension 'screenshots@mozilla.org': Reading manifest: Invalid host permission: about:reader*
1547558090373	Marionette	INFO	Listening on port 59571
1547558090475	Marionette	WARN	TLS certificate errors will be ignored for this session
console.error: BroadcastService: 
  receivedBroadcastMessage: handler for
  remote-settings/monitor_changes
  threw error:
  Message: Error: Polling for changes failed: NetworkError when attempting to fetch resource..
  Stack:
    remoteSettingsFunction/remoteSettings.pollChanges@resource://services-settings/remote-settings.js:750:13

1547559422829	mozrunner::runner	INFO	Running command: "C:\\Program Files\\Mozilla Firefox\\firefox.exe" "-marionette" "-foreground" "-no-remote" "-profil[Child 13588, Chrome_ChildThread] WARNING: pipe error: 109: file z:/build1547559424035	addons.webextension.screenshots@mozilla.org	WARN	Loading extension 's1547559424161	Marionette	INFO	Stopped listening on port 59571

###!!! [Child][RunMessage] Error: Channel closing: too late to send/recv, messages will be lost

[GPJavaScript error: resource:///modules/sessionstore/SessionSaver.jsm, line 180: NS_ERROR_FAILURE: Component returned failure code: 0x80004005 (NS_ERROR_FAILURE) [nsIAppShellService.hiddenDOMWindow]
l be ignored for this session
console.error: BroadcastService: 
  receivedBroadcastMessage: handler for
  remote-settings/monitor_changes
  threw error:
  Message: Error: Polling for changes failed: NetworkError when attempting to fetch resource..
  Stack:
    remoteSettingsFunction/remoteSettings.pollChanges@resource://services-settings/remote-settings.js:750:13

JavaScript error: https://cdn.doubleverify.com/dv-measurements250.js, line 52: NS_ERROR_NOT_INITIALIZED: 
JavaScript error: https://s0.2mdn.net/ads/richmedia/studio/pv2/60737506/20181012073822161/index.html?e=69&renderingType=2&leftOffset=0&topOffset=0&c=FnvnVQi4sn&t=1, line 154: TypeError: document.querySelector(...) is null
JavaScript error: https://s0.2mdn.net/ads/richmedia/studio/pv2/60737506/20181012073822161/index.html?e=69&renderingType=2&leftOffset=0&topOffset=0&c=FnvnVQi4sn&t=1, line 154: TypeError: document.querySelector(...) is null
JavaScript error: https://s0.2mdn.net/ads/richmedia/studio/pv2/60737506/20181012073822161/index.html?e=69&renderingType=2&leftOffset=0&topOffset=0&c=FnvnVQi4sn&t=1, line 154: TypeError: document.querySelector(...) is null
JavaScript error: https://s0.2mdn.net/ads/richmedia/studio/pv2/60737506/20181012073822161/index.html?e=69&renderingType=2&leftOffset=0&topOffset=0&c=FnvnVQi4sn&t=1, line 154: TypeError: document.querySelector(...) is null
JavaScript error: https://s0.2mdn.net/ads/richmedia/studio/pv2/60737506/20181012073822161/index.html?e=69&renderingType=2&leftOffset=0&topOffset=0&c=FnvnVQi4sn&t=1, line 154: TypeError: document.querySelector(...) is null
JavaScript error: https://s0.2mdn.net/ads/richmedia/studio/pv2/60737506/20181012073822161/index.html?e=69&renderingType=2&leftOffset=0&topOffset=0&c=FnvnVQi4sn&t=1, line 154: TypeError: document.querySelector(...) is null
JavaScript error: https://s0.2mdn.net/ads/richmedia/studio/pv2/60737506/20181012073822161/index.html?e=69&renderingType=2&leftOffset=0&topOffset=0&c=FnvnVQi4sn&t=1, line 154: TypeError: document.querySelector(...) is null
JavaScript error: https://s0.2mdn.net/ads/richmedia/studio/pv2/60737506/20181012073822161/index.html?e=69&renderingType=2&leftOffset=0&topOffset=0&c=FnvnVQi4sn&t=1, line 154: TypeError: document.querySelector(...) is null
JavaScript error: https://s0.2mdn.net/ads/richmedia/studio/pv2/60737506/20181012073822161/index.html?e=69&renderingType=2&leftOffset=0&topOffset=0&c=FnvnVQi4sn&t=1, line 154: TypeError: document.querySelector(...) is null
JavaScript error: https://s0.2mdn.net/ads/richmedia/studio/pv2/60737506/20181012073822161/index.html?e=69&renderingType=2&leftOffset=0&topOffset=0&c=FnvnVQi4sn&t=1, line 154: TypeError: document.querySelector(...) is null
JavaScript error: https://s0.2mdn.net/ads/richmedia/studio/pv2/60737506/20181012073822161/index.html?e=69&renderingType=2&leftOffset=0&topOffset=0&c=FnvnVQi4sn&t=1, line 154: TypeError: document.querySelector(...) is null
JavaScript error: https://s0.2mdn.net/ads/richmedia/studio/pv2/60737506/20181012073822161/index.html?e=69&renderingType=2&leftOffset=0&topOffset=0&c=FnvnVQi4sn&t=1, line 154: TypeError: document.querySelector(...) is null
JavaScript error: https://s0.2mdn.net/ads/richmedia/studio/pv2/60737506/20181012073822161/index.html?e=69&renderingType=2&leftOffset=0&topOffset=0&c=FnvnVQi4sn&t=1, line 154: TypeError: document.querySelector(...) is null
JavaScript error: https://s0.2mdn.net/ads/richmedia/studio/pv2/60737506/20181012073822161/index.html?e=69&renderingType=2&leftOffset=0&topOffset=0&c=FnvnVQi4sn&t=1, line 154: TypeError: document.querySelector(...) is null
JavaScript error: https://s0.2mdn.net/ads/richmedia/studio/pv2/60737506/20181012073822161/index.html?e=69&renderingType=2&leftOffset=0&topOffset=0&c=FnvnVQi4sn&t=1, line 154: TypeError: document.querySelector(...) is null
JavaScript error: https://s0.2mdn.net/ads/richmedia/studio/pv2/60737506/20181012073822161/index.html?e=69&renderingType=2&leftOffset=0&topOffset=0&c=FnvnVQi4sn&t=1, line 154: TypeError: document.querySelector(...) is null
JavaScript error: https://s0.2mdn.net/ads/richmedia/studio/pv2/60737506/20181012073822161/index.html?e=69&renderingType=2&leftOffset=0&topOffset=0&c=FnvnVQi4sn&t=1, line 154: TypeError: document.querySelector(...) is null
JavaScript error: https://s0.2mdn.net/ads/richmedia/studio/pv2/60737506/20181012073822161/index.html?e=69&renderingType=2&leftOffset=0&topOffset=0&c=FnvnVQi4sn&t=1, line 154: TypeError: document.querySelector(...) is null
JavaScript error: https://s0.2mdn.net/ads/richmedia/studio/pv2/60737506/20181012073822161/index.html?e=69&renderingType=2&leftOffset=0&topOffset=0&c=FnvnVQi4sn&t=1, line 154: TypeError: document.querySelector(...) is null
JavaScript error: https://s0.2mdn.net/ads/richmedia/studio/pv2/60737506/20181012073822161/index.html?e=69&renderingType=2&leftOffset=0&topOffset=0&c=FnvnVQi4sn&t=1, line 154: TypeError: document.querySelector(...) is null
JavaScript error: https://s0.2mdn.net/ads/richmedia/studio/pv2/60737506/20181012073822161/index.html?e=69&renderingType=2&leftOffset=0&topOffset=0&c=FnvnVQi4sn&t=1, line 154: TypeError: document.querySelector(...) is null
JavaScript error: https://s0.2mdn.net/ads/richmedia/studio/pv2/60737506/20181012073822161/index.html?e=69&renderingType=2&leftOffset=0&topOffset=0&c=FnvnVQi4sn&t=1, line 154: TypeError: document.querySelector(...) is null
JavaScript error: https://s0.2mdn.net/ads/richmedia/studio/pv2/60737506/20181012073822161/index.html?e=69&renderingType=2&leftOffset=0&topOffset=0&c=FnvnVQi4sn&t=1, line 154: TypeError: document.querySelector(...) is null
JavaScript error: https://s0.2mdn.net/ads/richmedia/studio/pv2/60737506/20181012073822161/index.html?e=69&renderingType=2&leftOffset=0&topOffset=0&c=FnvnVQi4sn&t=1, line 154: TypeError: document.querySelector(...) is null
JavaScript error: https://s0.2mdn.net/ads/richmedia/studio/pv2/60737506/20181012073822161/index.html?e=69&renderingType=2&leftOffset=0&topOffset=0&c=FnvnVQi4sn&t=1, line 154: TypeError: document.querySelector(...) is null
JavaScript error: https://cdn.doubleverify.com/dv-measurements250.js, line 52: NS_ERROR_NOT_INITIALIZED: 
JavaScript error: https://cdn.doubleverify.com/dv-measurements250.js, line 52: NS_ERROR_NOT_INITIALIZED: 
JavaScript error: https://s0.2mdn.net/ads/richmedia/studio/5197094/35633684_20150213152453474_HD_fallback_728x90.html?e=69&renderingType=2&leftOffset=0&topOffset=0&c=i4w9NT4RFw&t=1, line 39: ReferenceError: devDynamicContent is not defined
JavaScript error: https://s0.2mdn.net/ads/richmedia/studio/5197094/35633684_20150213152453474_HD_fallback_728x90.html?e=69&renderingType=2&leftOffset=0&topOffset=0&c=IGXa0pS5EM&t=1, line 39: ReferenceError: devDynamicContent is not defined
[Parent 14036, Gecko_IOThread] WARNING: pipe error: 109: file z:/build/build/src/ipc/chromium/src/chrome/common/ipc_channel_win.cc, line 346
[Parent 14036, Gecko_IOThread] WARNING: pipe error: 109: file z:/build/build/src/ipc/chromium/src/chrome/common/ipc_channel_win.cc, line 346
[Child 8224, Chrome_ChildThread] WARNING: pipe error: 109: file z:/build/build/src/ipc/chromium/src/chrome/common/ipc_channel_win.cc, line 346
[Child 11864, Chrome_ChildThread] WARNING: pipe error: 109: file z:/build/build/src/ipc/chromium/src/chrome/common/ipc_channel_win.cc, line 346
[Parent 14036, Gecko_IOThread] WARNING: pipe error: 232: file z:/build/build/src/ipc/chromium/src/chrome/common/ipc_channel_win.cc, line 513
[Parent 14036, Gecko_IOThread] WARNING: file z:/build/build/src/ipc/chromium/src/base/process_util_win.cc, line 188
[Parent 14036, Gecko_IOThread] WARNING: file z:/build/build/src/ipc/chromium/src/base/process_util_win.cc, line 188
[Parent 14036, Gecko_IOThread] WARNING: pipe error: 109: file z:/build/build/src/ipc/chromium/src/chrome/common/ipc_channel_win.cc, line 346
[Child 10264, Chrome_ChildThread] WARNING: pipe error: 109: file z:/build/build/src/ipc/chromium/src/chrome/common/ipc_channel_win.cc, line 346
[Child 1021547564495491	Marionette	INFO	Stopped listening on port 49397
